{"/home/travis/build/npmtest/node-npmtest-remark/test.js":{"path":"/home/travis/build/npmtest/node-npmtest-remark/test.js","s":{"1":2,"2":2,"3":2,"4":2,"5":2,"6":2,"7":2,"8":1,"9":2,"10":2,"11":1,"12":1,"13":1,"14":1,"15":2,"16":2,"17":2,"18":2,"19":1,"20":1,"21":2,"22":2,"23":2,"24":1,"25":1,"26":1,"27":1,"28":1,"29":1,"30":1,"31":1,"32":1,"33":1,"34":1,"35":1,"36":1,"37":1,"38":1,"39":2,"40":2,"41":1,"42":2,"43":2,"44":1,"45":2,"46":2,"47":1,"48":2,"49":2,"50":1,"51":1,"52":1,"53":1,"54":1},"b":{"1":[2,1,1,1],"2":[1,1,1,1],"3":[1,1],"4":[1,1],"5":[1,1],"6":[1,1],"7":[1,1],"8":[1,1],"9":[1,1],"10":[1,1,1],"11":[1,1],"12":[1,1],"13":[1,1],"14":[1,1],"15":[1,1],"16":[1,1],"17":[1,1]},"f":{"1":2,"2":2,"3":2,"4":2,"5":2,"6":1,"7":1,"8":1,"9":2,"10":2,"11":2,"12":2,"13":1},"fnMap":{"1":{"name":"(anonymous_1)","line":12,"loc":{"start":{"line":12,"column":1},"end":{"line":12,"column":13}}},"2":{"name":"(anonymous_2)","line":19,"loc":{"start":{"line":19,"column":5},"end":{"line":19,"column":17}}},"3":{"name":"(anonymous_3)","line":23,"loc":{"start":{"line":23,"column":24},"end":{"line":23,"column":36}}},"4":{"name":"(anonymous_4)","line":61,"loc":{"start":{"line":61,"column":5},"end":{"line":61,"column":17}}},"5":{"name":"(anonymous_5)","line":82,"loc":{"start":{"line":82,"column":5},"end":{"line":82,"column":17}}},"6":{"name":"(anonymous_6)","line":91,"loc":{"start":{"line":91,"column":77},"end":{"line":94,"column":10}}},"7":{"name":"(anonymous_7)","line":112,"loc":{"start":{"line":112,"column":83},"end":{"line":115,"column":10}},"skip":true},"8":{"name":"(anonymous_8)","line":123,"loc":{"start":{"line":123,"column":77},"end":{"line":126,"column":10}},"skip":true},"9":{"name":"(anonymous_9)","line":139,"loc":{"start":{"line":139,"column":12},"end":{"line":139,"column":40}},"skip":true},"10":{"name":"(anonymous_10)","line":147,"loc":{"start":{"line":147,"column":77},"end":{"line":150,"column":10}},"skip":true},"11":{"name":"(anonymous_11)","line":158,"loc":{"start":{"line":158,"column":83},"end":{"line":161,"column":10}},"skip":true},"12":{"name":"(anonymous_12)","line":169,"loc":{"start":{"line":169,"column":79},"end":{"line":172,"column":10}},"skip":true},"13":{"name":"(anonymous_13)","line":180,"loc":{"start":{"line":180,"column":75},"end":{"line":183,"column":10}},"skip":true}},"statementMap":{"1":{"start":{"line":12,"column":0},"end":{"line":195,"column":5}},"2":{"start":{"line":14,"column":4},"end":{"line":14,"column":14}},"3":{"start":{"line":19,"column":4},"end":{"line":56,"column":9}},"4":{"start":{"line":21,"column":8},"end":{"line":21,"column":19}},"5":{"start":{"line":23,"column":8},"end":{"line":35,"column":13}},"6":{"start":{"line":24,"column":12},"end":{"line":34,"column":13}},"7":{"start":{"line":25,"column":16},"end":{"line":28,"column":30}},"8":{"start":{"line":30,"column":16},"end":{"line":33,"column":27}},"9":{"start":{"line":37,"column":8},"end":{"line":39,"column":21}},"10":{"start":{"line":40,"column":8},"end":{"line":53,"column":9}},"11":{"start":{"line":43,"column":12},"end":{"line":46,"column":14}},"12":{"start":{"line":47,"column":12},"end":{"line":47,"column":18}},"13":{"start":{"line":50,"column":12},"end":{"line":51,"column":46}},"14":{"start":{"line":52,"column":12},"end":{"line":52,"column":18}},"15":{"start":{"line":55,"column":8},"end":{"line":55,"column":35}},"16":{"start":{"line":61,"column":4},"end":{"line":63,"column":9}},"17":{"start":{"line":62,"column":8},"end":{"line":62,"column":15}},"18":{"start":{"line":64,"column":4},"end":{"line":77,"column":5}},"19":{"start":{"line":70,"column":8},"end":{"line":70,"column":14}},"20":{"start":{"line":76,"column":8},"end":{"line":76,"column":14}},"21":{"start":{"line":82,"column":4},"end":{"line":84,"column":9}},"22":{"start":{"line":83,"column":8},"end":{"line":83,"column":15}},"23":{"start":{"line":85,"column":4},"end":{"line":194,"column":5}},"24":{"start":{"line":91,"column":8},"end":{"line":99,"column":10}},"25":{"start":{"line":98,"column":12},"end":{"line":98,"column":35}},"26":{"start":{"line":102,"column":8},"end":{"line":104,"column":63}},"27":{"start":{"line":105,"column":8},"end":{"line":105,"column":14}},"28":{"start":{"line":112,"column":8},"end":{"line":121,"column":10},"skip":true},"29":{"start":{"line":119,"column":12},"end":{"line":119,"column":55},"skip":true},"30":{"start":{"line":120,"column":12},"end":{"line":120,"column":48},"skip":true},"31":{"start":{"line":123,"column":8},"end":{"line":136,"column":10},"skip":true},"32":{"start":{"line":130,"column":12},"end":{"line":130,"column":76},"skip":true},"33":{"start":{"line":131,"column":12},"end":{"line":131,"column":73},"skip":true},"34":{"start":{"line":132,"column":12},"end":{"line":132,"column":74},"skip":true},"35":{"start":{"line":133,"column":12},"end":{"line":133,"column":79},"skip":true},"36":{"start":{"line":134,"column":12},"end":{"line":134,"column":25},"skip":true},"37":{"start":{"line":135,"column":12},"end":{"line":135,"column":45},"skip":true},"38":{"start":{"line":138,"column":8},"end":{"line":145,"column":14},"skip":true},"39":{"start":{"line":143,"column":16},"end":{"line":143,"column":29},"skip":true},"40":{"start":{"line":144,"column":16},"end":{"line":144,"column":55},"skip":true},"41":{"start":{"line":147,"column":8},"end":{"line":156,"column":10},"skip":true},"42":{"start":{"line":154,"column":12},"end":{"line":154,"column":25},"skip":true},"43":{"start":{"line":155,"column":12},"end":{"line":155,"column":45},"skip":true},"44":{"start":{"line":158,"column":8},"end":{"line":167,"column":10},"skip":true},"45":{"start":{"line":165,"column":12},"end":{"line":165,"column":25},"skip":true},"46":{"start":{"line":166,"column":12},"end":{"line":166,"column":48},"skip":true},"47":{"start":{"line":169,"column":8},"end":{"line":178,"column":10},"skip":true},"48":{"start":{"line":176,"column":12},"end":{"line":176,"column":25},"skip":true},"49":{"start":{"line":177,"column":12},"end":{"line":177,"column":46},"skip":true},"50":{"start":{"line":180,"column":8},"end":{"line":189,"column":10},"skip":true},"51":{"start":{"line":187,"column":12},"end":{"line":187,"column":94},"skip":true},"52":{"start":{"line":188,"column":12},"end":{"line":188,"column":48},"skip":true},"53":{"start":{"line":192,"column":8},"end":{"line":192,"column":35},"skip":true},"54":{"start":{"line":193,"column":8},"end":{"line":193,"column":14},"skip":true}},"branchMap":{"1":{"line":25,"type":"binary-expr","locations":[{"start":{"line":25,"column":23},"end":{"line":25,"column":62}},{"start":{"line":26,"column":20},"end":{"line":26,"column":70}},{"start":{"line":27,"column":20},"end":{"line":27,"column":71}},{"start":{"line":28,"column":20},"end":{"line":28,"column":29}}]},"2":{"line":30,"type":"binary-expr","locations":[{"start":{"line":30,"column":23},"end":{"line":30,"column":37}},{"start":{"line":31,"column":20},"end":{"line":31,"column":61}},{"start":{"line":32,"column":20},"end":{"line":32,"column":70}},{"start":{"line":33,"column":20},"end":{"line":33,"column":26}}]},"3":{"line":37,"type":"cond-expr","locations":[{"start":{"line":38,"column":14},"end":{"line":38,"column":20}},{"start":{"line":39,"column":14},"end":{"line":39,"column":20}}]},"4":{"line":40,"type":"switch","locations":[{"start":{"line":42,"column":8},"end":{"line":47,"column":18}},{"start":{"line":49,"column":8},"end":{"line":52,"column":18}}]},"5":{"line":44,"type":"binary-expr","locations":[{"start":{"line":44,"column":16},"end":{"line":44,"column":44}},{"start":{"line":44,"column":48},"end":{"line":44,"column":66}}]},"6":{"line":50,"type":"binary-expr","locations":[{"start":{"line":50,"column":21},"end":{"line":50,"column":49}},{"start":{"line":50,"column":53},"end":{"line":50,"column":72}}]},"7":{"line":64,"type":"switch","locations":[{"start":{"line":69,"column":4},"end":{"line":70,"column":14}},{"start":{"line":75,"column":4},"end":{"line":76,"column":14}}]},"8":{"line":85,"type":"switch","locations":[{"start":{"line":90,"column":4},"end":{"line":105,"column":14}},{"start":{"line":111,"column":4},"end":{"line":193,"column":14},"skip":true}]},"9":{"line":91,"type":"binary-expr","locations":[{"start":{"line":91,"column":42},"end":{"line":91,"column":73}},{"start":{"line":91,"column":77},"end":{"line":99,"column":9}}]},"10":{"line":102,"type":"binary-expr","locations":[{"start":{"line":102,"column":18},"end":{"line":102,"column":32}},{"start":{"line":103,"column":12},"end":{"line":103,"column":53}},{"start":{"line":104,"column":12},"end":{"line":104,"column":61}}]},"11":{"line":112,"type":"binary-expr","locations":[{"start":{"line":112,"column":45},"end":{"line":112,"column":79},"skip":true},{"start":{"line":112,"column":83},"end":{"line":121,"column":9},"skip":true}]},"12":{"line":123,"type":"binary-expr","locations":[{"start":{"line":123,"column":42},"end":{"line":123,"column":73},"skip":true},{"start":{"line":123,"column":77},"end":{"line":136,"column":9},"skip":true}]},"13":{"line":138,"type":"binary-expr","locations":[{"start":{"line":138,"column":48},"end":{"line":138,"column":85},"skip":true},{"start":{"line":139,"column":12},"end":{"line":145,"column":13},"skip":true}]},"14":{"line":147,"type":"binary-expr","locations":[{"start":{"line":147,"column":42},"end":{"line":147,"column":73},"skip":true},{"start":{"line":147,"column":77},"end":{"line":156,"column":9},"skip":true}]},"15":{"line":158,"type":"binary-expr","locations":[{"start":{"line":158,"column":45},"end":{"line":158,"column":79},"skip":true},{"start":{"line":158,"column":83},"end":{"line":167,"column":9},"skip":true}]},"16":{"line":169,"type":"binary-expr","locations":[{"start":{"line":169,"column":43},"end":{"line":169,"column":75},"skip":true},{"start":{"line":169,"column":79},"end":{"line":178,"column":9},"skip":true}]},"17":{"line":180,"type":"binary-expr","locations":[{"start":{"line":180,"column":41},"end":{"line":180,"column":71},"skip":true},{"start":{"line":180,"column":75},"end":{"line":189,"column":9},"skip":true}]}},"code":["/* istanbul instrument in package npmtest_remark */","/*jslint","    bitwise: true,","    browser: true,","    maxerr: 8,","    maxlen: 96,","    node: true,","    nomen: true,","    regexp: true,","    stupid: true","*/","(function () {","    'use strict';","    var local;","","","","    // run shared js-env code - pre-init","    (function () {","        // init local","        local = {};","        // init modeJs","        local.modeJs = (function () {","            try {","                return typeof navigator.userAgent === 'string' &&","                    typeof document.querySelector('body') === 'object' &&","                    typeof XMLHttpRequest.prototype.open === 'function' &&","                    'browser';","            } catch (errorCaughtBrowser) {","                return module.exports &&","                    typeof process.versions.node === 'string' &&","                    typeof require('http').createServer === 'function' &&","                    'node';","            }","        }());","        // init global","        local.global = local.modeJs === 'browser'","            ? window","            : global;","        switch (local.modeJs) {","        // re-init local from window.local","        case 'browser':","            local = local.global.utility2.objectSetDefault(","                local.global.utility2_rollup || local.global.local,","                local.global.utility2","            );","            break;","        // re-init local from example.js","        case 'node':","            local = (local.global.utility2_rollup || require('utility2'))","                .requireExampleJsFromReadme();","            break;","        }","        // export local","        local.global.local = local;","    }());","","","","    // run shared js-env code - function","    (function () {","        return;","    }());","    switch (local.modeJs) {","","","","    // run browser js-env code - function","    case 'browser':","        break;","","","","    // run node js-env code - function","    case 'node':","        break;","    }","","","","    // run shared js-env code - post-init","    (function () {","        return;","    }());","    switch (local.modeJs) {","","","","    // run browser js-env code - post-init","    case 'browser':","        local.testCase_browser_nullCase = local.testCase_browser_nullCase || function (","            options,","            onError","        ) {","        /*","         * this function will test browsers's null-case handling-behavior-behavior","         */","            onError(null, options);","        };","","        // run tests","        local.nop(local.modeTest &&","            document.querySelector('#testRunButton1') &&","            document.querySelector('#testRunButton1').click());","        break;","","","","    // run node js-env code - post-init","    /* istanbul ignore next */","    case 'node':","        local.testCase_buildApidoc_default = local.testCase_buildApidoc_default || function (","            options,","            onError","        ) {","        /*","         * this function will test buildApidoc's default handling-behavior-behavior","         */","            options = { modulePathList: module.paths };","            local.buildApidoc(options, onError);","        };","","        local.testCase_buildApp_default = local.testCase_buildApp_default || function (","            options,","            onError","        ) {","        /*","         * this function will test buildApp's default handling-behavior-behavior","         */","            local.testCase_buildReadme_default(options, local.onErrorThrow);","            local.testCase_buildLib_default(options, local.onErrorThrow);","            local.testCase_buildTest_default(options, local.onErrorThrow);","            local.testCase_buildCustomOrg_default(options, local.onErrorThrow);","            options = [];","            local.buildApp(options, onError);","        };","","        local.testCase_buildCustomOrg_default = local.testCase_buildCustomOrg_default ||","            function (options, onError) {","            /*","             * this function will test buildCustomOrg's default handling-behavior","             */","                options = {};","                local.buildCustomOrg(options, onError);","            };","","        local.testCase_buildLib_default = local.testCase_buildLib_default || function (","            options,","            onError","        ) {","        /*","         * this function will test buildLib's default handling-behavior","         */","            options = {};","            local.buildLib(options, onError);","        };","","        local.testCase_buildReadme_default = local.testCase_buildReadme_default || function (","            options,","            onError","        ) {","        /*","         * this function will test buildReadme's default handling-behavior-behavior","         */","            options = {};","            local.buildReadme(options, onError);","        };","","        local.testCase_buildTest_default = local.testCase_buildTest_default || function (","            options,","            onError","        ) {","        /*","         * this function will test buildTest's default handling-behavior","         */","            options = {};","            local.buildTest(options, onError);","        };","","        local.testCase_webpage_default = local.testCase_webpage_default || function (","            options,","            onError","        ) {","        /*","         * this function will test webpage's default handling-behavior","         */","            options = { modeCoverageMerge: true, url: local.serverLocalHost + '?modeTest=1' };","            local.browserTest(options, onError);","        };","","        // run test-server","        local.testRunServer(local);","        break;","    }","}());",""],"l":{"12":2,"14":2,"19":2,"21":2,"23":2,"24":2,"25":2,"30":1,"37":2,"40":2,"43":1,"47":1,"50":1,"52":1,"55":2,"61":2,"62":2,"64":2,"70":1,"76":1,"82":2,"83":2,"85":2,"91":1,"98":1,"102":1,"105":1,"112":1,"119":1,"120":1,"123":1,"130":1,"131":1,"132":1,"133":1,"134":1,"135":1,"138":1,"143":2,"144":2,"147":1,"154":2,"155":2,"158":1,"165":2,"166":2,"169":1,"176":2,"177":2,"180":1,"187":1,"188":1,"192":1,"193":1}},"/home/travis/build/npmtest/node-npmtest-remark/lib.npmtest_remark.js":{"path":"/home/travis/build/npmtest/node-npmtest-remark/lib.npmtest_remark.js","s":{"1":2,"2":2,"3":2,"4":2,"5":2,"6":2,"7":2,"8":1,"9":2,"10":2,"11":2,"12":2,"13":1,"14":1,"15":1,"16":1},"b":{"1":[2,1,1,1],"2":[1,1,1,1],"3":[1,1],"4":[2,2],"5":[1,1]},"f":{"1":2,"2":2,"3":2},"fnMap":{"1":{"name":"(anonymous_1)","line":12,"loc":{"start":{"line":12,"column":1},"end":{"line":12,"column":13}}},"2":{"name":"(anonymous_2)","line":19,"loc":{"start":{"line":19,"column":5},"end":{"line":19,"column":17}}},"3":{"name":"(anonymous_3)","line":23,"loc":{"start":{"line":23,"column":24},"end":{"line":23,"column":36}}}},"statementMap":{"1":{"start":{"line":12,"column":0},"end":{"line":53,"column":5}},"2":{"start":{"line":14,"column":4},"end":{"line":14,"column":14}},"3":{"start":{"line":19,"column":4},"end":{"line":52,"column":9}},"4":{"start":{"line":21,"column":8},"end":{"line":21,"column":19}},"5":{"start":{"line":23,"column":8},"end":{"line":35,"column":13}},"6":{"start":{"line":24,"column":12},"end":{"line":34,"column":13}},"7":{"start":{"line":25,"column":16},"end":{"line":28,"column":30}},"8":{"start":{"line":30,"column":16},"end":{"line":33,"column":27}},"9":{"start":{"line":37,"column":8},"end":{"line":39,"column":21}},"10":{"start":{"line":41,"column":8},"end":{"line":41,"column":54}},"11":{"start":{"line":43,"column":8},"end":{"line":43,"column":51}},"12":{"start":{"line":45,"column":8},"end":{"line":51,"column":9}},"13":{"start":{"line":46,"column":12},"end":{"line":46,"column":57}},"14":{"start":{"line":48,"column":12},"end":{"line":48,"column":35}},"15":{"start":{"line":49,"column":12},"end":{"line":49,"column":49}},"16":{"start":{"line":50,"column":12},"end":{"line":50,"column":43}}},"branchMap":{"1":{"line":25,"type":"binary-expr","locations":[{"start":{"line":25,"column":23},"end":{"line":25,"column":62}},{"start":{"line":26,"column":20},"end":{"line":26,"column":70}},{"start":{"line":27,"column":20},"end":{"line":27,"column":71}},{"start":{"line":28,"column":20},"end":{"line":28,"column":29}}]},"2":{"line":30,"type":"binary-expr","locations":[{"start":{"line":30,"column":23},"end":{"line":30,"column":37}},{"start":{"line":31,"column":20},"end":{"line":31,"column":61}},{"start":{"line":32,"column":20},"end":{"line":32,"column":70}},{"start":{"line":33,"column":20},"end":{"line":33,"column":26}}]},"3":{"line":37,"type":"cond-expr","locations":[{"start":{"line":38,"column":14},"end":{"line":38,"column":20}},{"start":{"line":39,"column":14},"end":{"line":39,"column":20}}]},"4":{"line":41,"type":"binary-expr","locations":[{"start":{"line":41,"column":16},"end":{"line":41,"column":44}},{"start":{"line":41,"column":48},"end":{"line":41,"column":53}}]},"5":{"line":45,"type":"if","locations":[{"start":{"line":45,"column":8},"end":{"line":45,"column":8}},{"start":{"line":45,"column":8},"end":{"line":45,"column":8}}]}},"code":["/* istanbul instrument in package npmtest_remark */","/*jslint","    bitwise: true,","    browser: true,","    maxerr: 8,","    maxlen: 96,","    node: true,","    nomen: true,","    regexp: true,","    stupid: true","*/","(function () {","    'use strict';","    var local;","","","","    // run shared js-env code - pre-init","    (function () {","        // init local","        local = {};","        // init modeJs","        local.modeJs = (function () {","            try {","                return typeof navigator.userAgent === 'string' &&","                    typeof document.querySelector('body') === 'object' &&","                    typeof XMLHttpRequest.prototype.open === 'function' &&","                    'browser';","            } catch (errorCaughtBrowser) {","                return module.exports &&","                    typeof process.versions.node === 'string' &&","                    typeof require('http').createServer === 'function' &&","                    'node';","            }","        }());","        // init global","        local.global = local.modeJs === 'browser'","            ? window","            : global;","        // init utility2_rollup","        local = local.global.utility2_rollup || local;","        // init lib","        local.local = local.npmtest_remark = local;","        // init exports","        if (local.modeJs === 'browser') {","            local.global.utility2_npmtest_remark = local;","        } else {","            module.exports = local;","            module.exports.__dirname = __dirname;","            module.exports.module = module;","        }","    }());","}());",""],"l":{"12":2,"14":2,"19":2,"21":2,"23":2,"24":2,"25":2,"30":1,"37":2,"41":2,"43":2,"45":2,"46":1,"48":1,"49":1,"50":1}},"/home/travis/build/npmtest/node-npmtest-remark/example.js":{"path":"/home/travis/build/npmtest/node-npmtest-remark/example.js","s":{"1":2,"2":2,"3":2,"4":2,"5":2,"6":2,"7":2,"8":1,"9":2,"10":2,"11":2,"12":2,"13":1,"14":2,"15":2,"16":2,"17":2,"18":2,"19":0,"20":2,"21":1,"22":1,"23":1,"24":1,"25":1,"26":0,"27":0,"28":1,"29":1,"30":2,"31":0,"32":0,"33":0,"34":1,"35":2,"36":2,"37":3,"38":3,"39":3,"40":3,"41":0,"42":3,"43":3,"44":3,"45":1,"46":3,"47":1,"48":1,"49":1,"50":1,"51":1,"52":1,"53":1,"54":1,"55":1,"56":1,"57":0,"58":1,"59":6,"60":6,"61":1,"62":2,"63":0,"64":2,"65":1,"66":1,"67":0,"68":0,"69":0,"70":0,"71":0,"72":0,"73":0,"74":0,"75":0,"76":0,"77":0,"78":0,"79":0,"80":0,"81":0,"82":0,"83":0},"b":{"1":[2,1,1,1],"2":[1,1,1,1],"3":[1,1],"4":[2,2],"5":[1,1],"6":[1,1],"7":[2,0],"8":[2,1,1,1,1,1],"9":[0,2,0],"10":[1,1],"11":[2,1,1],"12":[1,0],"13":[0,2],"14":[2,0,0,0,0,0,0],"15":[0,3],"16":[3,0],"17":[1,1],"18":[0,1],"19":[1,2,0,2],"20":[1,0],"21":[1,1],"22":[0,0],"23":[0,0],"24":[0,0],"25":[0,0],"26":[0,0],"27":[0,0],"28":[0,0]},"f":{"1":2,"2":2,"3":2,"4":2,"5":2,"6":2,"7":3,"8":3,"9":3,"10":1,"11":6,"12":0},"fnMap":{"1":{"name":"(anonymous_1)","line":26,"loc":{"start":{"line":26,"column":1},"end":{"line":26,"column":13}}},"2":{"name":"(anonymous_2)","line":33,"loc":{"start":{"line":33,"column":5},"end":{"line":33,"column":17}}},"3":{"name":"(anonymous_3)","line":37,"loc":{"start":{"line":37,"column":24},"end":{"line":37,"column":36}}},"4":{"name":"(anonymous_4)","line":69,"loc":{"start":{"line":69,"column":31},"end":{"line":69,"column":48}},"skip":true},"5":{"name":"(anonymous_5)","line":78,"loc":{"start":{"line":78,"column":26},"end":{"line":78,"column":45}},"skip":true},"6":{"name":"(anonymous_6)","line":123,"loc":{"start":{"line":123,"column":33},"end":{"line":123,"column":48}},"skip":true},"7":{"name":"(anonymous_7)","line":125,"loc":{"start":{"line":125,"column":27},"end":{"line":125,"column":39}},"skip":true},"8":{"name":"(anonymous_8)","line":133,"loc":{"start":{"line":133,"column":59},"end":{"line":133,"column":74}},"skip":true},"9":{"name":"(anonymous_9)","line":143,"loc":{"start":{"line":143,"column":45},"end":{"line":143,"column":62}},"skip":true},"10":{"name":"(anonymous_10)","line":144,"loc":{"start":{"line":144,"column":73},"end":{"line":144,"column":92}},"skip":true},"11":{"name":"(anonymous_11)","line":272,"loc":{"start":{"line":272,"column":51},"end":{"line":272,"column":77}},"skip":true},"12":{"name":"(anonymous_12)","line":315,"loc":{"start":{"line":315,"column":32},"end":{"line":315,"column":61}},"skip":true}},"statementMap":{"1":{"start":{"line":26,"column":0},"end":{"line":326,"column":5}},"2":{"start":{"line":28,"column":4},"end":{"line":28,"column":14}},"3":{"start":{"line":33,"column":4},"end":{"line":60,"column":9}},"4":{"start":{"line":35,"column":8},"end":{"line":35,"column":19}},"5":{"start":{"line":37,"column":8},"end":{"line":49,"column":13}},"6":{"start":{"line":38,"column":12},"end":{"line":48,"column":13}},"7":{"start":{"line":39,"column":16},"end":{"line":42,"column":30}},"8":{"start":{"line":44,"column":16},"end":{"line":47,"column":27}},"9":{"start":{"line":51,"column":8},"end":{"line":53,"column":21}},"10":{"start":{"line":55,"column":8},"end":{"line":57,"column":45}},"11":{"start":{"line":59,"column":8},"end":{"line":59,"column":35}},"12":{"start":{"line":61,"column":4},"end":{"line":325,"column":5}},"13":{"start":{"line":69,"column":8},"end":{"line":121,"column":10},"skip":true},"14":{"start":{"line":70,"column":12},"end":{"line":88,"column":13},"skip":true},"15":{"start":{"line":76,"column":16},"end":{"line":87,"column":19},"skip":true},"16":{"start":{"line":79,"column":20},"end":{"line":86,"column":21},"skip":true},"17":{"start":{"line":82,"column":24},"end":{"line":82,"column":43},"skip":true},"18":{"start":{"line":83,"column":24},"end":{"line":83,"column":30},"skip":true},"19":{"start":{"line":85,"column":24},"end":{"line":85,"column":49},"skip":true},"20":{"start":{"line":89,"column":12},"end":{"line":107,"column":13},"skip":true},"21":{"start":{"line":92,"column":16},"end":{"line":102,"column":17},"skip":true},"22":{"start":{"line":93,"column":20},"end":{"line":93,"column":86},"skip":true},"23":{"start":{"line":94,"column":20},"end":{"line":95,"column":45},"skip":true},"24":{"start":{"line":96,"column":20},"end":{"line":96,"column":42},"skip":true},"25":{"start":{"line":97,"column":20},"end":{"line":97,"column":48},"skip":true},"26":{"start":{"line":100,"column":20},"end":{"line":100,"column":85},"skip":true},"27":{"start":{"line":101,"column":20},"end":{"line":101,"column":96},"skip":true},"28":{"start":{"line":103,"column":16},"end":{"line":103,"column":22},"skip":true},"29":{"start":{"line":106,"column":16},"end":{"line":106,"column":22},"skip":true},"30":{"start":{"line":108,"column":12},"end":{"line":120,"column":13},"skip":true},"31":{"start":{"line":114,"column":16},"end":{"line":119,"column":17},"skip":true},"32":{"start":{"line":116,"column":20},"end":{"line":116,"column":78},"skip":true},"33":{"start":{"line":118,"column":20},"end":{"line":118,"column":47},"skip":true},"34":{"start":{"line":123,"column":8},"end":{"line":141,"column":11},"skip":true},"35":{"start":{"line":124,"column":12},"end":{"line":124,"column":54},"skip":true},"36":{"start":{"line":125,"column":12},"end":{"line":140,"column":14},"skip":true},"37":{"start":{"line":126,"column":16},"end":{"line":126,"column":28},"skip":true},"38":{"start":{"line":127,"column":16},"end":{"line":127,"column":69},"skip":true},"39":{"start":{"line":128,"column":16},"end":{"line":128,"column":75},"skip":true},"40":{"start":{"line":129,"column":16},"end":{"line":131,"column":17},"skip":true},"41":{"start":{"line":130,"column":20},"end":{"line":130,"column":27},"skip":true},"42":{"start":{"line":133,"column":16},"end":{"line":137,"column":36},"skip":true},"43":{"start":{"line":134,"column":20},"end":{"line":136,"column":55},"skip":true},"44":{"start":{"line":139,"column":16},"end":{"line":139,"column":57},"skip":true},"45":{"start":{"line":143,"column":8},"end":{"line":147,"column":11},"skip":true},"46":{"start":{"line":144,"column":12},"end":{"line":146,"column":15},"skip":true},"47":{"start":{"line":145,"column":16},"end":{"line":145,"column":70},"skip":true},"48":{"start":{"line":149,"column":8},"end":{"line":149,"column":31},"skip":true},"49":{"start":{"line":150,"column":8},"end":{"line":150,"column":14},"skip":true},"50":{"start":{"line":158,"column":8},"end":{"line":158,"column":31},"skip":true},"51":{"start":{"line":160,"column":8},"end":{"line":160,"column":33},"skip":true},"52":{"start":{"line":161,"column":8},"end":{"line":161,"column":37},"skip":true},"53":{"start":{"line":162,"column":8},"end":{"line":162,"column":35},"skip":true},"54":{"start":{"line":164,"column":8},"end":{"line":164,"column":50},"skip":true},"55":{"start":{"line":166,"column":8},"end":{"line":256,"column":2},"skip":true},"56":{"start":{"line":258,"column":8},"end":{"line":286,"column":9},"skip":true},"57":{"start":{"line":259,"column":12},"end":{"line":269,"column":14},"skip":true},"58":{"start":{"line":271,"column":12},"end":{"line":285,"column":19},"skip":true},"59":{"start":{"line":274,"column":20},"end":{"line":274,"column":35},"skip":true},"60":{"start":{"line":275,"column":20},"end":{"line":284,"column":21},"skip":true},"61":{"start":{"line":277,"column":24},"end":{"line":277,"column":64},"skip":true},"62":{"start":{"line":279,"column":24},"end":{"line":279,"column":40},"skip":true},"63":{"start":{"line":281,"column":24},"end":{"line":281,"column":40},"skip":true},"64":{"start":{"line":283,"column":24},"end":{"line":283,"column":39},"skip":true},"65":{"start":{"line":288,"column":8},"end":{"line":290,"column":9},"skip":true},"66":{"start":{"line":289,"column":12},"end":{"line":289,"column":18},"skip":true},"67":{"start":{"line":291,"column":8},"end":{"line":293,"column":54},"skip":true},"68":{"start":{"line":296,"column":8},"end":{"line":301,"column":37},"skip":true},"69":{"start":{"line":303,"column":8},"end":{"line":303,"column":82},"skip":true},"70":{"start":{"line":306,"column":8},"end":{"line":308,"column":9},"skip":true},"71":{"start":{"line":307,"column":12},"end":{"line":307,"column":82},"skip":true},"72":{"start":{"line":310,"column":8},"end":{"line":312,"column":9},"skip":true},"73":{"start":{"line":311,"column":12},"end":{"line":311,"column":18},"skip":true},"74":{"start":{"line":313,"column":8},"end":{"line":313,"column":54},"skip":true},"75":{"start":{"line":314,"column":8},"end":{"line":314,"column":69},"skip":true},"76":{"start":{"line":315,"column":8},"end":{"line":323,"column":36},"skip":true},"77":{"start":{"line":316,"column":12},"end":{"line":316,"column":61},"skip":true},"78":{"start":{"line":317,"column":12},"end":{"line":320,"column":13},"skip":true},"79":{"start":{"line":318,"column":16},"end":{"line":318,"column":75},"skip":true},"80":{"start":{"line":319,"column":16},"end":{"line":319,"column":23},"skip":true},"81":{"start":{"line":321,"column":12},"end":{"line":321,"column":38},"skip":true},"82":{"start":{"line":322,"column":12},"end":{"line":322,"column":27},"skip":true},"83":{"start":{"line":324,"column":8},"end":{"line":324,"column":14},"skip":true}},"branchMap":{"1":{"line":39,"type":"binary-expr","locations":[{"start":{"line":39,"column":23},"end":{"line":39,"column":62}},{"start":{"line":40,"column":20},"end":{"line":40,"column":70}},{"start":{"line":41,"column":20},"end":{"line":41,"column":71}},{"start":{"line":42,"column":20},"end":{"line":42,"column":29}}]},"2":{"line":44,"type":"binary-expr","locations":[{"start":{"line":44,"column":23},"end":{"line":44,"column":37}},{"start":{"line":45,"column":20},"end":{"line":45,"column":61}},{"start":{"line":46,"column":20},"end":{"line":46,"column":70}},{"start":{"line":47,"column":20},"end":{"line":47,"column":26}}]},"3":{"line":51,"type":"cond-expr","locations":[{"start":{"line":52,"column":14},"end":{"line":52,"column":20}},{"start":{"line":53,"column":14},"end":{"line":53,"column":20}}]},"4":{"line":55,"type":"binary-expr","locations":[{"start":{"line":55,"column":16},"end":{"line":55,"column":44}},{"start":{"line":55,"column":49},"end":{"line":57,"column":43}}]},"5":{"line":55,"type":"cond-expr","locations":[{"start":{"line":56,"column":14},"end":{"line":56,"column":50}},{"start":{"line":57,"column":14},"end":{"line":57,"column":43}}]},"6":{"line":61,"type":"switch","locations":[{"start":{"line":68,"column":4},"end":{"line":150,"column":14},"skip":true},{"start":{"line":156,"column":4},"end":{"line":324,"column":14},"skip":true}]},"7":{"line":70,"type":"if","locations":[{"start":{"line":70,"column":12},"end":{"line":70,"column":12},"skip":true},{"start":{"line":70,"column":12},"end":{"line":70,"column":12},"skip":true}]},"8":{"line":70,"type":"binary-expr","locations":[{"start":{"line":70,"column":16},"end":{"line":70,"column":22},"skip":true},{"start":{"line":70,"column":27},"end":{"line":70,"column":32},"skip":true},{"start":{"line":71,"column":20},"end":{"line":71,"column":39},"skip":true},{"start":{"line":72,"column":20},"end":{"line":72,"column":49},"skip":true},{"start":{"line":73,"column":20},"end":{"line":73,"column":58},"skip":true},{"start":{"line":74,"column":20},"end":{"line":74,"column":69},"skip":true}]},"9":{"line":79,"type":"switch","locations":[{"start":{"line":80,"column":20},"end":{"line":80,"column":33},"skip":true},{"start":{"line":81,"column":20},"end":{"line":83,"column":30},"skip":true},{"start":{"line":84,"column":20},"end":{"line":85,"column":49},"skip":true}]},"10":{"line":89,"type":"switch","locations":[{"start":{"line":90,"column":12},"end":{"line":103,"column":22},"skip":true},{"start":{"line":105,"column":12},"end":{"line":106,"column":22},"skip":true}]},"11":{"line":89,"type":"binary-expr","locations":[{"start":{"line":89,"column":20},"end":{"line":89,"column":25},"skip":true},{"start":{"line":89,"column":29},"end":{"line":89,"column":48},"skip":true},{"start":{"line":89,"column":52},"end":{"line":89,"column":74},"skip":true}]},"12":{"line":92,"type":"if","locations":[{"start":{"line":92,"column":16},"end":{"line":92,"column":16},"skip":true},{"start":{"line":92,"column":16},"end":{"line":92,"column":16},"skip":true}]},"13":{"line":108,"type":"if","locations":[{"start":{"line":108,"column":12},"end":{"line":108,"column":12},"skip":true},{"start":{"line":108,"column":12},"end":{"line":108,"column":12},"skip":true}]},"14":{"line":108,"type":"binary-expr","locations":[{"start":{"line":108,"column":16},"end":{"line":108,"column":61},"skip":true},{"start":{"line":108,"column":66},"end":{"line":108,"column":72},"skip":true},{"start":{"line":108,"column":77},"end":{"line":108,"column":82},"skip":true},{"start":{"line":109,"column":20},"end":{"line":109,"column":39},"skip":true},{"start":{"line":110,"column":20},"end":{"line":110,"column":49},"skip":true},{"start":{"line":111,"column":20},"end":{"line":111,"column":58},"skip":true},{"start":{"line":112,"column":20},"end":{"line":112,"column":68},"skip":true}]},"15":{"line":129,"type":"if","locations":[{"start":{"line":129,"column":16},"end":{"line":129,"column":16},"skip":true},{"start":{"line":129,"column":16},"end":{"line":129,"column":16},"skip":true}]},"16":{"line":134,"type":"cond-expr","locations":[{"start":{"line":135,"column":26},"end":{"line":135,"column":29},"skip":true},{"start":{"line":136,"column":26},"end":{"line":136,"column":54},"skip":true}]},"17":{"line":164,"type":"binary-expr","locations":[{"start":{"line":164,"column":27},"end":{"line":164,"column":43},"skip":true},{"start":{"line":164,"column":47},"end":{"line":164,"column":49},"skip":true}]},"18":{"line":258,"type":"if","locations":[{"start":{"line":258,"column":8},"end":{"line":258,"column":8},"skip":true},{"start":{"line":258,"column":8},"end":{"line":258,"column":8},"skip":true}]},"19":{"line":275,"type":"switch","locations":[{"start":{"line":276,"column":20},"end":{"line":277,"column":64},"skip":true},{"start":{"line":278,"column":20},"end":{"line":279,"column":40},"skip":true},{"start":{"line":280,"column":20},"end":{"line":281,"column":40},"skip":true},{"start":{"line":282,"column":20},"end":{"line":283,"column":39},"skip":true}]},"20":{"line":288,"type":"if","locations":[{"start":{"line":288,"column":8},"end":{"line":288,"column":8},"skip":true},{"start":{"line":288,"column":8},"end":{"line":288,"column":8},"skip":true}]},"21":{"line":288,"type":"binary-expr","locations":[{"start":{"line":288,"column":12},"end":{"line":288,"column":40},"skip":true},{"start":{"line":288,"column":44},"end":{"line":288,"column":67},"skip":true}]},"22":{"line":292,"type":"binary-expr","locations":[{"start":{"line":292,"column":12},"end":{"line":292,"column":50},"skip":true},{"start":{"line":293,"column":12},"end":{"line":293,"column":53},"skip":true}]},"23":{"line":297,"type":"binary-expr","locations":[{"start":{"line":297,"column":12},"end":{"line":297,"column":64},"skip":true},{"start":{"line":298,"column":12},"end":{"line":301,"column":36},"skip":true}]},"24":{"line":303,"type":"binary-expr","locations":[{"start":{"line":303,"column":43},"end":{"line":303,"column":75},"skip":true},{"start":{"line":303,"column":79},"end":{"line":303,"column":81},"skip":true}]},"25":{"line":306,"type":"if","locations":[{"start":{"line":306,"column":8},"end":{"line":306,"column":8},"skip":true},{"start":{"line":306,"column":8},"end":{"line":306,"column":8},"skip":true}]},"26":{"line":310,"type":"if","locations":[{"start":{"line":310,"column":8},"end":{"line":310,"column":8},"skip":true},{"start":{"line":310,"column":8},"end":{"line":310,"column":8},"skip":true}]},"27":{"line":313,"type":"binary-expr","locations":[{"start":{"line":313,"column":27},"end":{"line":313,"column":43},"skip":true},{"start":{"line":313,"column":47},"end":{"line":313,"column":53},"skip":true}]},"28":{"line":317,"type":"if","locations":[{"start":{"line":317,"column":12},"end":{"line":317,"column":12},"skip":true},{"start":{"line":317,"column":12},"end":{"line":317,"column":12},"skip":true}]}},"code":["/*","example.js","","quickstart example","","instruction","    1. save this script as example.js","    2. run the shell command:","        $ npm install npmtest-remark && PORT=8081 node example.js","    3. play with the browser-demo on http://127.0.0.1:8081","*/","","","","/* istanbul instrument in package npmtest_remark */","/*jslint","    bitwise: true,","    browser: true,","    maxerr: 8,","    maxlen: 96,","    node: true,","    nomen: true,","    regexp: true,","    stupid: true","*/","(function () {","    'use strict';","    var local;","","","","    // run shared js-env code - pre-init","    (function () {","        // init local","        local = {};","        // init modeJs","        local.modeJs = (function () {","            try {","                return typeof navigator.userAgent === 'string' &&","                    typeof document.querySelector('body') === 'object' &&","                    typeof XMLHttpRequest.prototype.open === 'function' &&","                    'browser';","            } catch (errorCaughtBrowser) {","                return module.exports &&","                    typeof process.versions.node === 'string' &&","                    typeof require('http').createServer === 'function' &&","                    'node';","            }","        }());","        // init global","        local.global = local.modeJs === 'browser'","            ? window","            : global;","        // init utility2_rollup","        local = local.global.utility2_rollup || (local.modeJs === 'browser'","            ? local.global.utility2_npmtest_remark","            : global.utility2_moduleExports);","        // export local","        local.global.local = local;","    }());","    switch (local.modeJs) {","","","","    // post-init","    // run browser js-env code - post-init","    /* istanbul ignore next */","    case 'browser':","        local.testRunBrowser = function (event) {","            if (!event || (event &&","                    event.currentTarget &&","                    event.currentTarget.className &&","                    event.currentTarget.className.includes &&","                    event.currentTarget.className.includes('onreset'))) {","                // reset output","                Array.from(","                    document.querySelectorAll('body > .resettable')","                ).forEach(function (element) {","                    switch (element.tagName) {","                    case 'INPUT':","                    case 'TEXTAREA':","                        element.value = '';","                        break;","                    default:","                        element.textContent = '';","                    }","                });","            }","            switch (event && event.currentTarget && event.currentTarget.id) {","            case 'testRunButton1':","                // show tests","                if (document.querySelector('#testReportDiv1').style.display === 'none') {","                    document.querySelector('#testReportDiv1').style.display = 'block';","                    document.querySelector('#testRunButton1').textContent =","                        'hide internal test';","                    local.modeTest = true;","                    local.testRunDefault(local);","                // hide tests","                } else {","                    document.querySelector('#testReportDiv1').style.display = 'none';","                    document.querySelector('#testRunButton1').textContent = 'run internal test';","                }","                break;","            // custom-case","            default:","                break;","            }","            if (document.querySelector('#inputTextareaEval1') && (!event || (event &&","                    event.currentTarget &&","                    event.currentTarget.className &&","                    event.currentTarget.className.includes &&","                    event.currentTarget.className.includes('oneval')))) {","                // try to eval input-code","                try {","                    /*jslint evil: true*/","                    eval(document.querySelector('#inputTextareaEval1').value);","                } catch (errorCaught) {","                    console.error(errorCaught);","                }","            }","        };","        // log stderr and stdout to #outputTextareaStdout1","        ['error', 'log'].forEach(function (key) {","            console[key + '_original'] = console[key];","            console[key] = function () {","                var element;","                console[key + '_original'].apply(console, arguments);","                element = document.querySelector('#outputTextareaStdout1');","                if (!element) {","                    return;","                }","                // append text to #outputTextareaStdout1","                element.value += Array.from(arguments).map(function (arg) {","                    return typeof arg === 'string'","                        ? arg","                        : JSON.stringify(arg, null, 4);","                }).join(' ') + '\\n';","                // scroll textarea to bottom","                element.scrollTop = element.scrollHeight;","            };","        });","        // init event-handling","        ['change', 'click', 'keyup'].forEach(function (event) {","            Array.from(document.querySelectorAll('.on' + event)).forEach(function (element) {","                element.addEventListener(event, local.testRunBrowser);","            });","        });","        // run tests","        local.testRunBrowser();","        break;","","","","    // run node js-env code - post-init","    /* istanbul ignore next */","    case 'node':","        // export local","        module.exports = local;","        // require modules","        local.fs = require('fs');","        local.http = require('http');","        local.url = require('url');","        // init assets","        local.assetsDict = local.assetsDict || {};","        /* jslint-ignore-begin */","        local.assetsDict['/assets.index.template.html'] = '\\","<!doctype html>\\n\\","<html lang=\"en\">\\n\\","<head>\\n\\","<meta charset=\"UTF-8\">\\n\\","<meta name=\"viewport\" content=\"width=device-width, initial-scale=1\">\\n\\","<title>{{env.npm_package_name}} (v{{env.npm_package_version}})</title>\\n\\","<style>\\n\\","/*csslint\\n\\","    box-sizing: false,\\n\\","    universal-selector: false\\n\\","*/\\n\\","* {\\n\\","    box-sizing: border-box;\\n\\","}\\n\\","body {\\n\\","    background: #dde;\\n\\","    font-family: Arial, Helvetica, sans-serif;\\n\\","    margin: 2rem;\\n\\","}\\n\\","body > * {\\n\\","    margin-bottom: 1rem;\\n\\","}\\n\\",".utility2FooterDiv {\\n\\","    margin-top: 20px;\\n\\","    text-align: center;\\n\\","}\\n\\","</style>\\n\\","<style>\\n\\","/*csslint\\n\\","*/\\n\\","textarea {\\n\\","    font-family: monospace;\\n\\","    height: 10rem;\\n\\","    width: 100%;\\n\\","}\\n\\","textarea[readonly] {\\n\\","    background: #ddd;\\n\\","}\\n\\","</style>\\n\\","</head>\\n\\","<body>\\n\\","<!-- utility2-comment\\n\\","<div id=\"ajaxProgressDiv1\" style=\"background: #d00; height: 2px; left: 0; margin: 0; padding: 0; position: fixed; top: 0; transition: background 0.5s, width 1.5s; width: 25%;\"></div>\\n\\","utility2-comment -->\\n\\","<h1>\\n\\","<!-- utility2-comment\\n\\","    <a\\n\\","        {{#if env.npm_package_homepage}}\\n\\","        href=\"{{env.npm_package_homepage}}\"\\n\\","        {{/if env.npm_package_homepage}}\\n\\","        target=\"_blank\"\\n\\","    >\\n\\","utility2-comment -->\\n\\","        {{env.npm_package_name}} (v{{env.npm_package_version}})\\n\\","<!-- utility2-comment\\n\\","    </a>\\n\\","utility2-comment -->\\n\\","</h1>\\n\\","<h3>{{env.npm_package_description}}</h3>\\n\\","<!-- utility2-comment\\n\\","<h4><a download href=\"assets.app.js\">download standalone app</a></h4>\\n\\","<button class=\"onclick onreset\" id=\"testRunButton1\">run internal test</button><br>\\n\\","<div id=\"testReportDiv1\" style=\"display: none;\"></div>\\n\\","utility2-comment -->\\n\\","\\n\\","\\n\\","\\n\\","<label>stderr and stdout</label>\\n\\","<textarea class=\"resettable\" id=\"outputTextareaStdout1\" readonly></textarea>\\n\\","<!-- utility2-comment\\n\\","{{#if isRollup}}\\n\\","<script src=\"assets.app.js\"></script>\\n\\","{{#unless isRollup}}\\n\\","utility2-comment -->\\n\\","<script src=\"assets.utility2.rollup.js\"></script>\\n\\","<script src=\"jsonp.utility2._stateInit?callback=window.utility2._stateInit\"></script>\\n\\","<script src=\"assets.npmtest_remark.rollup.js\"></script>\\n\\","<script src=\"assets.example.js\"></script>\\n\\","<script src=\"assets.test.js\"></script>\\n\\","<!-- utility2-comment\\n\\","{{/if isRollup}}\\n\\","utility2-comment -->\\n\\","<div class=\"utility2FooterDiv\">\\n\\","    [ this app was created with\\n\\","    <a href=\"https://github.com/kaizhu256/node-utility2\" target=\"_blank\">utility2</a>\\n\\","    ]\\n\\","</div>\\n\\","</body>\\n\\","</html>\\n\\","';","        /* jslint-ignore-end */","        if (local.templateRender) {","            local.assetsDict['/'] = local.templateRender(","                local.assetsDict['/assets.index.template.html'],","                {","                    env: local.objectSetDefault(local.env, {","                        npm_package_description: 'the greatest app in the world!',","                        npm_package_name: 'my-app',","                        npm_package_nameAlias: 'my_app',","                        npm_package_version: '0.0.1'","                    })","                }","            );","        } else {","            local.assetsDict['/'] = local.assetsDict['/assets.index.template.html']","                .replace((/\\{\\{env\\.(\\w+?)\\}\\}/g), function (match0, match1) {","                    // jslint-hack","                    String(match0);","                    switch (match1) {","                    case 'npm_package_description':","                        return 'the greatest app in the world!';","                    case 'npm_package_name':","                        return 'my-app';","                    case 'npm_package_nameAlias':","                        return 'my_app';","                    case 'npm_package_version':","                        return '0.0.1';","                    }","                });","        }","        // run the cli","        if (local.global.utility2_rollup || module !== require.main) {","            break;","        }","        local.assetsDict['/assets.example.js'] =","            local.assetsDict['/assets.example.js'] ||","            local.fs.readFileSync(__filename, 'utf8');","        // bug-workaround - long $npm_package_buildCustomOrg","        /* jslint-ignore-begin */","        local.assetsDict['/assets.npmtest_remark.rollup.js'] =","            local.assetsDict['/assets.npmtest_remark.rollup.js'] ||","            local.fs.readFileSync(","                local.npmtest_remark.__dirname + '/lib.npmtest_remark.js',","                'utf8'","            ).replace((/^#!/), '//');","        /* jslint-ignore-end */","        local.assetsDict['/favicon.ico'] = local.assetsDict['/favicon.ico'] || '';","        // if $npm_config_timeout_exit exists,","        // then exit this process after $npm_config_timeout_exit ms","        if (Number(process.env.npm_config_timeout_exit)) {","            setTimeout(process.exit, Number(process.env.npm_config_timeout_exit));","        }","        // start server","        if (local.global.utility2_serverHttp1) {","            break;","        }","        process.env.PORT = process.env.PORT || '8081';","        console.error('server starting on port ' + process.env.PORT);","        local.http.createServer(function (request, response) {","            request.urlParsed = local.url.parse(request.url);","            if (local.assetsDict[request.urlParsed.pathname] !== undefined) {","                response.end(local.assetsDict[request.urlParsed.pathname]);","                return;","            }","            response.statusCode = 404;","            response.end();","        }).listen(process.env.PORT);","        break;","    }","}());",""],"l":{"26":2,"28":2,"33":2,"35":2,"37":2,"38":2,"39":2,"44":1,"51":2,"55":2,"59":2,"61":2,"69":1,"70":2,"76":2,"79":2,"82":2,"83":2,"85":1,"89":2,"92":1,"93":1,"94":1,"96":1,"97":1,"100":1,"101":1,"103":1,"106":1,"108":2,"114":1,"116":1,"118":1,"123":1,"124":2,"125":2,"126":3,"127":3,"128":3,"129":3,"130":1,"133":3,"134":3,"139":3,"143":1,"144":3,"145":1,"149":1,"150":1,"158":1,"160":1,"161":1,"162":1,"164":1,"166":1,"258":1,"259":1,"271":1,"274":6,"275":6,"277":1,"279":2,"281":1,"283":2,"288":1,"289":1,"291":1,"296":1,"303":1,"306":1,"307":1,"310":1,"311":1,"313":1,"314":1,"315":1,"316":1,"317":1,"318":1,"319":1,"321":1,"322":1,"324":1}},"/home/travis/build/npmtest/node-npmtest-remark/node_modules/remark/index.js":{"path":"/home/travis/build/npmtest/node-npmtest-remark/node_modules/remark/index.js","s":{"1":1,"2":1,"3":1,"4":1},"b":{},"f":{},"fnMap":{},"statementMap":{"1":{"start":{"line":3,"column":0},"end":{"line":3,"column":33}},"2":{"start":{"line":4,"column":0},"end":{"line":4,"column":36}},"3":{"start":{"line":5,"column":0},"end":{"line":5,"column":44}},"4":{"start":{"line":7,"column":0},"end":{"line":7,"column":62}}},"branchMap":{},"code":["'use strict';","","var unified = require('unified');","var parse = require('remark-parse');","var stringify = require('remark-stringify');","","module.exports = unified().use(parse).use(stringify).freeze();",""],"l":{"3":1,"4":1,"5":1,"7":1}},"/home/travis/build/npmtest/node-npmtest-remark/node_modules/remark-parse/index.js":{"path":"/home/travis/build/npmtest/node-npmtest-remark/node_modules/remark-parse/index.js","s":{"1":1,"2":1,"3":1,"4":1,"5":1,"6":1,"7":1,"8":1,"9":1},"b":{},"f":{"1":1},"fnMap":{"1":{"name":"parse","line":10,"loc":{"start":{"line":10,"column":0},"end":{"line":10,"column":24}}}},"statementMap":{"1":{"start":{"line":3,"column":0},"end":{"line":3,"column":33}},"2":{"start":{"line":4,"column":0},"end":{"line":4,"column":29}},"3":{"start":{"line":5,"column":0},"end":{"line":5,"column":40}},"4":{"start":{"line":7,"column":0},"end":{"line":7,"column":23}},"5":{"start":{"line":8,"column":0},"end":{"line":8,"column":22}},"6":{"start":{"line":10,"column":0},"end":{"line":14,"column":1}},"7":{"start":{"line":11,"column":2},"end":{"line":11,"column":30}},"8":{"start":{"line":12,"column":2},"end":{"line":12,"column":91}},"9":{"start":{"line":13,"column":2},"end":{"line":13,"column":22}}},"branchMap":{},"code":["'use strict';","","var unherit = require('unherit');","var xtend = require('xtend');","var Parser = require('./lib/parser.js');","","module.exports = parse;","parse.Parser = Parser;","","function parse(options) {","  var Local = unherit(Parser);","  Local.prototype.options = xtend(Local.prototype.options, this.data('settings'), options);","  this.Parser = Local;","}",""],"l":{"3":1,"4":1,"5":1,"7":1,"8":1,"10":1,"11":1,"12":1,"13":1}},"/home/travis/build/npmtest/node-npmtest-remark/node_modules/remark-parse/lib/parser.js":{"path":"/home/travis/build/npmtest/node-npmtest-remark/node_modules/remark-parse/lib/parser.js","s":{"1":1,"2":1,"3":1,"4":1,"5":1,"6":1,"7":1,"8":1,"9":0,"10":0,"11":0,"12":0,"13":0,"14":0,"15":0,"16":0,"17":0,"18":1,"19":1,"20":1,"21":1,"22":1,"23":1,"24":1,"25":1,"26":1,"27":1,"28":1,"29":1,"30":1,"31":1,"32":1,"33":1,"34":1,"35":1,"36":1,"37":2,"38":2,"39":2,"40":26,"41":2},"b":{},"f":{"1":0,"2":2},"fnMap":{"1":{"name":"Parser","line":21,"loc":{"start":{"line":21,"column":0},"end":{"line":21,"column":27}}},"2":{"name":"keys","line":151,"loc":{"start":{"line":151,"column":0},"end":{"line":151,"column":21}}}},"statementMap":{"1":{"start":{"line":11,"column":0},"end":{"line":11,"column":29}},"2":{"start":{"line":12,"column":0},"end":{"line":12,"column":37}},"3":{"start":{"line":13,"column":0},"end":{"line":13,"column":46}},"4":{"start":{"line":14,"column":0},"end":{"line":14,"column":37}},"5":{"start":{"line":15,"column":0},"end":{"line":15,"column":33}},"6":{"start":{"line":16,"column":0},"end":{"line":16,"column":39}},"7":{"start":{"line":18,"column":0},"end":{"line":18,"column":24}},"8":{"start":{"line":21,"column":0},"end":{"line":33,"column":1}},"9":{"start":{"line":22,"column":2},"end":{"line":22,"column":19}},"10":{"start":{"line":23,"column":2},"end":{"line":23,"column":19}},"11":{"start":{"line":24,"column":2},"end":{"line":24,"column":37}},"12":{"start":{"line":25,"column":2},"end":{"line":25,"column":22}},"13":{"start":{"line":27,"column":2},"end":{"line":27,"column":51}},"14":{"start":{"line":28,"column":2},"end":{"line":28,"column":22}},"15":{"start":{"line":30,"column":2},"end":{"line":30,"column":47}},"16":{"start":{"line":31,"column":2},"end":{"line":31,"column":43}},"17":{"start":{"line":32,"column":2},"end":{"line":32,"column":29}},"18":{"start":{"line":36,"column":0},"end":{"line":36,"column":29}},"19":{"start":{"line":39,"column":0},"end":{"line":39,"column":44}},"20":{"start":{"line":40,"column":0},"end":{"line":40,"column":33}},"21":{"start":{"line":43,"column":0},"end":{"line":43,"column":38}},"22":{"start":{"line":46,"column":0},"end":{"line":46,"column":42}},"23":{"start":{"line":47,"column":0},"end":{"line":47,"column":42}},"24":{"start":{"line":48,"column":0},"end":{"line":48,"column":42}},"25":{"start":{"line":49,"column":0},"end":{"line":49,"column":44}},"26":{"start":{"line":60,"column":0},"end":{"line":69,"column":2}},"27":{"start":{"line":80,"column":0},"end":{"line":85,"column":2}},"28":{"start":{"line":96,"column":0},"end":{"line":106,"column":2}},"29":{"start":{"line":109,"column":0},"end":{"line":124,"column":2}},"30":{"start":{"line":126,"column":0},"end":{"line":139,"column":2}},"31":{"start":{"line":142,"column":0},"end":{"line":142,"column":49}},"32":{"start":{"line":143,"column":0},"end":{"line":143,"column":51}},"33":{"start":{"line":146,"column":0},"end":{"line":146,"column":41}},"34":{"start":{"line":147,"column":0},"end":{"line":147,"column":43}},"35":{"start":{"line":148,"column":0},"end":{"line":148,"column":34}},"36":{"start":{"line":151,"column":0},"end":{"line":160,"column":1}},"37":{"start":{"line":152,"column":2},"end":{"line":152,"column":18}},"38":{"start":{"line":153,"column":2},"end":{"line":153,"column":10}},"39":{"start":{"line":155,"column":2},"end":{"line":157,"column":3}},"40":{"start":{"line":156,"column":4},"end":{"line":156,"column":21}},"41":{"start":{"line":159,"column":2},"end":{"line":159,"column":16}}},"branchMap":{},"code":["/**"," * @author Titus Wormer"," * @copyright 2015 Titus Wormer"," * @license MIT"," * @module remark:parse"," * @fileoverview Markdown parser."," */","","'use strict';","","var xtend = require('xtend');","var toggle = require('state-toggle');","var vfileLocation = require('vfile-location');","var unescape = require('./unescape');","var decode = require('./decode');","var tokenizer = require('./tokenizer');","","module.exports = Parser;","","/* Construct a new parser. */","function Parser(doc, file) {","  this.file = file;","  this.offset = {};","  this.options = xtend(this.options);","  this.setOptions({});","","  this.inList = this.inBlock = this.inLink = false;","  this.atStart = true;","","  this.toOffset = vfileLocation(file).toOffset;","  this.unescape = unescape(this, 'escape');","  this.decode = decode(this);","}","","/* Prototype. */","var proto = Parser.prototype;","","/* Expose core. */","proto.setOptions = require('./set-options');","proto.parse = require('./parse');","","/* Expose `defaults`. */","proto.options = require('./defaults');","","/* Enter and exit helpers. */","proto.exitStart = toggle('atStart', true);","proto.enterList = toggle('inList', false);","proto.enterLink = toggle('inLink', false);","proto.enterBlock = toggle('inBlock', false);","","/* Nodes that can interupt a paragraph:"," *"," * ```markdown"," * A paragraph, followed by a thematic break."," * ___"," * ```"," *"," * In the above example, the thematic break “interupts”"," * the paragraph. */","proto.interruptParagraph = [","  ['thematicBreak'],","  ['atxHeading'],","  ['fencedCode'],","  ['blockquote'],","  ['html'],","  ['setextHeading', {commonmark: false}],","  ['definition', {commonmark: false}],","  ['footnote', {commonmark: false}]","];","","/* Nodes that can interupt a list:"," *"," * ```markdown"," * - One"," * ___"," * ```"," *"," * In the above example, the thematic break “interupts”"," * the list. */","proto.interruptList = [","  ['fencedCode', {pedantic: false}],","  ['thematicBreak', {pedantic: false}],","  ['definition', {commonmark: false}],","  ['footnote', {commonmark: false}]","];","","/* Nodes that can interupt a blockquote:"," *"," * ```markdown"," * > A paragraph."," * ___"," * ```"," *"," * In the above example, the thematic break “interupts”"," * the blockquote. */","proto.interruptBlockquote = [","  ['indentedCode', {commonmark: true}],","  ['fencedCode', {commonmark: true}],","  ['atxHeading', {commonmark: true}],","  ['setextHeading', {commonmark: true}],","  ['thematicBreak', {commonmark: true}],","  ['html', {commonmark: true}],","  ['list', {commonmark: true}],","  ['definition', {commonmark: false}],","  ['footnote', {commonmark: false}]","];","","/* Handlers. */","proto.blockTokenizers = {","  yamlFrontMatter: require('./tokenize/yaml'),","  newline: require('./tokenize/newline'),","  indentedCode: require('./tokenize/code-indented'),","  fencedCode: require('./tokenize/code-fenced'),","  blockquote: require('./tokenize/blockquote'),","  atxHeading: require('./tokenize/heading-atx'),","  thematicBreak: require('./tokenize/thematic-break'),","  list: require('./tokenize/list'),","  setextHeading: require('./tokenize/heading-setext'),","  html: require('./tokenize/html-block'),","  footnote: require('./tokenize/footnote-definition'),","  definition: require('./tokenize/definition'),","  table: require('./tokenize/table'),","  paragraph: require('./tokenize/paragraph')","};","","proto.inlineTokenizers = {","  escape: require('./tokenize/escape'),","  autoLink: require('./tokenize/auto-link'),","  url: require('./tokenize/url'),","  html: require('./tokenize/html-inline'),","  link: require('./tokenize/link'),","  reference: require('./tokenize/reference'),","  strong: require('./tokenize/strong'),","  emphasis: require('./tokenize/emphasis'),","  deletion: require('./tokenize/delete'),","  code: require('./tokenize/code-inline'),","  break: require('./tokenize/break'),","  text: require('./tokenize/text')","};","","/* Expose precedence. */","proto.blockMethods = keys(proto.blockTokenizers);","proto.inlineMethods = keys(proto.inlineTokenizers);","","/* Tokenizers. */","proto.tokenizeBlock = tokenizer('block');","proto.tokenizeInline = tokenizer('inline');","proto.tokenizeFactory = tokenizer;","","/* Get all keys in `value`. */","function keys(value) {","  var result = [];","  var key;","","  for (key in value) {","    result.push(key);","  }","","  return result;","}",""],"l":{"11":1,"12":1,"13":1,"14":1,"15":1,"16":1,"18":1,"21":1,"22":0,"23":0,"24":0,"25":0,"27":0,"28":0,"30":0,"31":0,"32":0,"36":1,"39":1,"40":1,"43":1,"46":1,"47":1,"48":1,"49":1,"60":1,"80":1,"96":1,"109":1,"126":1,"142":1,"143":1,"146":1,"147":1,"148":1,"151":1,"152":2,"153":2,"155":2,"156":26,"159":2}},"/home/travis/build/npmtest/node-npmtest-remark/node_modules/remark-parse/lib/unescape.js":{"path":"/home/travis/build/npmtest/node-npmtest-remark/node_modules/remark-parse/lib/unescape.js","s":{"1":1,"2":1,"3":0,"4":1,"5":0,"6":0,"7":0,"8":0,"9":0,"10":0,"11":0,"12":0,"13":0,"14":0,"15":0,"16":0,"17":0,"18":0},"b":{"1":[0,0],"2":[0,0]},"f":{"1":0,"2":0},"fnMap":{"1":{"name":"factory","line":16,"loc":{"start":{"line":16,"column":0},"end":{"line":16,"column":27}}},"2":{"name":"unescape","line":21,"loc":{"start":{"line":21,"column":2},"end":{"line":21,"column":27}}}},"statementMap":{"1":{"start":{"line":12,"column":0},"end":{"line":12,"column":25}},"2":{"start":{"line":16,"column":0},"end":{"line":46,"column":1}},"3":{"start":{"line":17,"column":2},"end":{"line":17,"column":18}},"4":{"start":{"line":21,"column":2},"end":{"line":45,"column":3}},"5":{"start":{"line":22,"column":4},"end":{"line":22,"column":17}},"6":{"start":{"line":23,"column":4},"end":{"line":23,"column":36}},"7":{"start":{"line":24,"column":4},"end":{"line":24,"column":26}},"8":{"start":{"line":25,"column":4},"end":{"line":25,"column":19}},"9":{"start":{"line":26,"column":4},"end":{"line":26,"column":18}},"10":{"start":{"line":28,"column":4},"end":{"line":40,"column":5}},"11":{"start":{"line":29,"column":6},"end":{"line":29,"column":43}},"12":{"start":{"line":30,"column":6},"end":{"line":30,"column":23}},"13":{"start":{"line":31,"column":6},"end":{"line":31,"column":37}},"14":{"start":{"line":35,"column":6},"end":{"line":37,"column":7}},"15":{"start":{"line":36,"column":8},"end":{"line":36,"column":25}},"16":{"start":{"line":39,"column":6},"end":{"line":39,"column":40}},"17":{"start":{"line":42,"column":4},"end":{"line":42,"column":34}},"18":{"start":{"line":44,"column":4},"end":{"line":44,"column":26}}},"branchMap":{"1":{"line":35,"type":"if","locations":[{"start":{"line":35,"column":6},"end":{"line":35,"column":6}},{"start":{"line":35,"column":6},"end":{"line":35,"column":6}}]},"2":{"line":35,"type":"binary-expr","locations":[{"start":{"line":35,"column":10},"end":{"line":35,"column":20}},{"start":{"line":35,"column":24},"end":{"line":35,"column":56}}]}},"code":["/**"," * @author Titus Wormer"," * @copyright 2015 Titus Wormer"," * @license MIT"," * @module remark:parse:unescape"," * @fileoverview Unescape escapes."," */","","'use strict';","","/* Expose. */","module.exports = factory;","","/* Factory to de-escape a value, based on a list at `key`"," * in `ctx`. */","function factory(ctx, key) {","  return unescape;","","  /* De-escape a string using the expression at `key`","   * in `ctx`. */","  function unescape(value) {","    var prev = 0;","    var index = value.indexOf('\\\\');","    var escape = ctx[key];","    var queue = [];","    var character;","","    while (index !== -1) {","      queue.push(value.slice(prev, index));","      prev = index + 1;","      character = value.charAt(prev);","","      /* If the following character is not a valid escape,","       * add the slash. */","      if (!character || escape.indexOf(character) === -1) {","        queue.push('\\\\');","      }","","      index = value.indexOf('\\\\', prev);","    }","","    queue.push(value.slice(prev));","","    return queue.join('');","  }","}",""],"l":{"12":1,"16":1,"17":0,"21":1,"22":0,"23":0,"24":0,"25":0,"26":0,"28":0,"29":0,"30":0,"31":0,"35":0,"36":0,"39":0,"42":0,"44":0}},"/home/travis/build/npmtest/node-npmtest-remark/node_modules/remark-parse/lib/decode.js":{"path":"/home/travis/build/npmtest/node-npmtest-remark/node_modules/remark-parse/lib/decode.js","s":{"1":1,"2":1,"3":1,"4":0,"5":0,"6":1,"7":0,"8":0,"9":0,"10":0,"11":0,"12":0,"13":0,"14":0,"15":1,"16":0,"17":0,"18":0,"19":1,"20":0,"21":1,"22":0},"b":{"1":[0,0],"2":[0,0],"3":[0,0]},"f":{"1":0,"2":0,"3":0,"4":0,"5":0},"fnMap":{"1":{"name":"factory","line":16,"loc":{"start":{"line":16,"column":0},"end":{"line":16,"column":22}}},"2":{"name":"normalize","line":22,"loc":{"start":{"line":22,"column":2},"end":{"line":22,"column":31}}},"3":{"name":"handleWarning","line":44,"loc":{"start":{"line":44,"column":2},"end":{"line":44,"column":49}}},"4":{"name":"decoder","line":53,"loc":{"start":{"line":53,"column":2},"end":{"line":53,"column":45}}},"5":{"name":"decodeRaw","line":65,"loc":{"start":{"line":65,"column":2},"end":{"line":65,"column":38}}}},"statementMap":{"1":{"start":{"line":11,"column":0},"end":{"line":11,"column":41}},"2":{"start":{"line":13,"column":0},"end":{"line":13,"column":25}},"3":{"start":{"line":16,"column":0},"end":{"line":71,"column":1}},"4":{"start":{"line":17,"column":2},"end":{"line":17,"column":26}},"5":{"start":{"line":19,"column":2},"end":{"line":19,"column":17}},"6":{"start":{"line":22,"column":2},"end":{"line":39,"column":3}},"7":{"start":{"line":23,"column":4},"end":{"line":23,"column":29}},"8":{"start":{"line":24,"column":4},"end":{"line":24,"column":29}},"9":{"start":{"line":25,"column":4},"end":{"line":25,"column":20}},"10":{"start":{"line":27,"column":4},"end":{"line":33,"column":5}},"11":{"start":{"line":28,"column":6},"end":{"line":30,"column":7}},"12":{"start":{"line":29,"column":8},"end":{"line":29,"column":14}},"13":{"start":{"line":32,"column":6},"end":{"line":32,"column":44}},"14":{"start":{"line":35,"column":4},"end":{"line":38,"column":6}},"15":{"start":{"line":44,"column":2},"end":{"line":50,"column":3}},"16":{"start":{"line":45,"column":4},"end":{"line":47,"column":5}},"17":{"start":{"line":46,"column":6},"end":{"line":46,"column":13}},"18":{"start":{"line":49,"column":4},"end":{"line":49,"column":39}},"19":{"start":{"line":53,"column":2},"end":{"line":62,"column":3}},"20":{"start":{"line":54,"column":4},"end":{"line":61,"column":7}},"21":{"start":{"line":65,"column":2},"end":{"line":70,"column":3}},"22":{"start":{"line":66,"column":4},"end":{"line":69,"column":7}}},"branchMap":{"1":{"line":28,"type":"if","locations":[{"start":{"line":28,"column":6},"end":{"line":28,"column":6}},{"start":{"line":28,"column":6},"end":{"line":28,"column":6}}]},"2":{"line":32,"type":"binary-expr","locations":[{"start":{"line":32,"column":19},"end":{"line":32,"column":32}},{"start":{"line":32,"column":36},"end":{"line":32,"column":37}}]},"3":{"line":45,"type":"if","locations":[{"start":{"line":45,"column":4},"end":{"line":45,"column":4}},{"start":{"line":45,"column":4},"end":{"line":45,"column":4}}]}},"code":["/**"," * @author Titus Wormer"," * @copyright 2015 Titus Wormer"," * @license MIT"," * @module remark:parse:decode"," * @fileoverview Decode entities."," */","","'use strict';","","var entities = require('parse-entities');","","module.exports = factory;","","/* Factory to create an entity decoder. */","function factory(ctx) {","  decoder.raw = decodeRaw;","","  return decoder;","","  /* Normalize `position` to add an `indent`. */","  function normalize(position) {","    var offsets = ctx.offset;","    var line = position.line;","    var result = [];","","    while (++line) {","      if (!(line in offsets)) {","        break;","      }","","      result.push((offsets[line] || 0) + 1);","    }","","    return {","      start: position,","      indent: result","    };","  }","","  /* Handle a warning.","   * See https://github.com/wooorm/parse-entities","   * for the warnings. */","  function handleWarning(reason, position, code) {","    if (code === 3) {","      return;","    }","","    ctx.file.message(reason, position);","  }","","  /* Decode `value` (at `position`) into text-nodes. */","  function decoder(value, position, handler) {","    entities(value, {","      position: normalize(position),","      warning: handleWarning,","      text: handler,","      reference: handler,","      textContext: ctx,","      referenceContext: ctx","    });","  }","","  /* Decode `value` (at `position`) into a string. */","  function decodeRaw(value, position) {","    return entities(value, {","      position: normalize(position),","      warning: handleWarning","    });","  }","}",""],"l":{"11":1,"13":1,"16":1,"17":0,"19":0,"22":1,"23":0,"24":0,"25":0,"27":0,"28":0,"29":0,"32":0,"35":0,"44":1,"45":0,"46":0,"49":0,"53":1,"54":0,"65":1,"66":0}},"/home/travis/build/npmtest/node-npmtest-remark/node_modules/remark-parse/lib/tokenizer.js":{"path":"/home/travis/build/npmtest/node-npmtest-remark/node_modules/remark-parse/lib/tokenizer.js","s":{"1":1,"2":1,"3":1,"4":0,"5":0,"6":0,"7":0,"8":0,"9":0,"10":0,"11":1,"12":0,"13":0,"14":1,"15":0,"16":0,"17":0,"18":0,"19":1,"20":2,"21":1,"22":0,"23":0,"24":0,"25":0,"26":0,"27":0,"28":0,"29":0,"30":0,"31":0,"32":0,"33":0,"34":0,"35":0,"36":0,"37":0,"38":0,"39":0,"40":0,"41":0,"42":0,"43":0,"44":0,"45":0,"46":0,"47":0,"48":0,"49":0,"50":0,"51":0,"52":0,"53":0,"54":0,"55":0,"56":0,"57":1,"58":0,"59":0,"60":0,"61":0,"62":0,"63":0,"64":0,"65":0,"66":0,"67":0,"68":0,"69":0,"70":0,"71":0,"72":1,"73":0,"74":0,"75":0,"76":0,"77":0,"78":0,"79":0,"80":0,"81":1,"82":0,"83":0,"84":0,"85":1,"86":0,"87":0,"88":1,"89":0,"90":0,"91":1,"92":0,"93":0,"94":1,"95":0,"96":0,"97":0,"98":0,"99":0,"100":0,"101":0,"102":0,"103":0,"104":0,"105":0,"106":0,"107":0,"108":0,"109":0,"110":1,"111":0,"112":0,"113":0,"114":0,"115":0,"116":0,"117":0,"118":0,"119":0,"120":1,"121":0,"122":0,"123":0,"124":0,"125":0,"126":0,"127":0,"128":0,"129":0,"130":0,"131":1,"132":0,"133":1,"134":0,"135":0,"136":0,"137":0,"138":0,"139":1,"140":0,"141":0,"142":0,"143":0,"144":0},"b":{"1":[0,0],"2":[0,0],"3":[0,0],"4":[0,0],"5":[0,0],"6":[0,0],"7":[0,0,0,0,0,0,0,0,0],"8":[0,0],"9":[0,0],"10":[0,0],"11":[0,0],"12":[0,0],"13":[0,0],"14":[0,0],"15":[0,0],"16":[0,0],"17":[0,0],"18":[0,0],"19":[0,0,0],"20":[0,0],"21":[0,0],"22":[0,0],"23":[0,0],"24":[0,0],"25":[0,0,0,0,0],"26":[0,0],"27":[0,0],"28":[0,0]},"f":{"1":0,"2":0,"3":0,"4":2,"5":0,"6":0,"7":0,"8":0,"9":0,"10":0,"11":0,"12":0,"13":0,"14":0,"15":0,"16":0,"17":0,"18":0},"fnMap":{"1":{"name":"mergeable","line":19,"loc":{"start":{"line":19,"column":0},"end":{"line":19,"column":25}}},"2":{"name":"mergeText","line":37,"loc":{"start":{"line":37,"column":0},"end":{"line":37,"column":31}}},"3":{"name":"mergeBlockquote","line":45,"loc":{"start":{"line":45,"column":0},"end":{"line":45,"column":37}}},"4":{"name":"factory","line":57,"loc":{"start":{"line":57,"column":0},"end":{"line":57,"column":23}}},"5":{"name":"tokenize","line":61,"loc":{"start":{"line":61,"column":2},"end":{"line":61,"column":37}}},"6":{"name":"updatePosition","line":140,"loc":{"start":{"line":140,"column":4},"end":{"line":140,"column":38}}},"7":{"name":"getOffset","line":172,"loc":{"start":{"line":172,"column":4},"end":{"line":172,"column":25}}},"8":{"name":"(anonymous_8)","line":182,"loc":{"start":{"line":182,"column":13},"end":{"line":182,"column":25}}},"9":{"name":"now","line":203,"loc":{"start":{"line":203,"column":4},"end":{"line":203,"column":19}}},"10":{"name":"Position","line":225,"loc":{"start":{"line":225,"column":4},"end":{"line":225,"column":29}}},"11":{"name":"validateEat","line":246,"loc":{"start":{"line":246,"column":4},"end":{"line":246,"column":35}}},"12":{"name":"position","line":276,"loc":{"start":{"line":276,"column":4},"end":{"line":276,"column":24}}},"13":{"name":"update","line":293,"loc":{"start":{"line":293,"column":6},"end":{"line":293,"column":36}}},"14":{"name":"add","line":343,"loc":{"start":{"line":343,"column":4},"end":{"line":343,"column":31}}},"15":{"name":"eat","line":380,"loc":{"start":{"line":380,"column":4},"end":{"line":380,"column":27}}},"16":{"name":"apply","line":406,"loc":{"start":{"line":406,"column":6},"end":{"line":406,"column":35}}},"17":{"name":"reset","line":423,"loc":{"start":{"line":423,"column":6},"end":{"line":423,"column":23}}},"18":{"name":"test","line":439,"loc":{"start":{"line":439,"column":6},"end":{"line":439,"column":22}}}},"statementMap":{"1":{"start":{"line":11,"column":0},"end":{"line":11,"column":25}},"2":{"start":{"line":13,"column":0},"end":{"line":16,"column":2}},"3":{"start":{"line":19,"column":0},"end":{"line":34,"column":1}},"4":{"start":{"line":20,"column":2},"end":{"line":20,"column":12}},"5":{"start":{"line":21,"column":2},"end":{"line":21,"column":10}},"6":{"start":{"line":23,"column":2},"end":{"line":25,"column":3}},"7":{"start":{"line":24,"column":4},"end":{"line":24,"column":16}},"8":{"start":{"line":27,"column":2},"end":{"line":27,"column":30}},"9":{"start":{"line":28,"column":2},"end":{"line":28,"column":26}},"10":{"start":{"line":32,"column":2},"end":{"line":33,"column":54}},"11":{"start":{"line":37,"column":0},"end":{"line":41,"column":1}},"12":{"start":{"line":38,"column":2},"end":{"line":38,"column":27}},"13":{"start":{"line":40,"column":2},"end":{"line":40,"column":14}},"14":{"start":{"line":45,"column":0},"end":{"line":53,"column":1}},"15":{"start":{"line":46,"column":2},"end":{"line":48,"column":3}},"16":{"start":{"line":47,"column":4},"end":{"line":47,"column":16}},"17":{"start":{"line":50,"column":2},"end":{"line":50,"column":54}},"18":{"start":{"line":52,"column":2},"end":{"line":52,"column":14}},"19":{"start":{"line":57,"column":0},"end":{"line":450,"column":1}},"20":{"start":{"line":58,"column":2},"end":{"line":58,"column":18}},"21":{"start":{"line":61,"column":2},"end":{"line":449,"column":3}},"22":{"start":{"line":62,"column":4},"end":{"line":62,"column":20}},"23":{"start":{"line":63,"column":4},"end":{"line":63,"column":29}},"24":{"start":{"line":64,"column":4},"end":{"line":64,"column":20}},"25":{"start":{"line":65,"column":4},"end":{"line":65,"column":41}},"26":{"start":{"line":66,"column":4},"end":{"line":66,"column":47}},"27":{"start":{"line":67,"column":4},"end":{"line":67,"column":29}},"28":{"start":{"line":68,"column":4},"end":{"line":68,"column":33}},"29":{"start":{"line":69,"column":4},"end":{"line":69,"column":14}},"30":{"start":{"line":70,"column":4},"end":{"line":70,"column":15}},"31":{"start":{"line":71,"column":4},"end":{"line":71,"column":15}},"32":{"start":{"line":72,"column":4},"end":{"line":72,"column":13}},"33":{"start":{"line":73,"column":4},"end":{"line":73,"column":16}},"34":{"start":{"line":74,"column":4},"end":{"line":74,"column":20}},"35":{"start":{"line":77,"column":4},"end":{"line":79,"column":5}},"36":{"start":{"line":78,"column":6},"end":{"line":78,"column":20}},"37":{"start":{"line":82,"column":4},"end":{"line":82,"column":18}},"38":{"start":{"line":83,"column":4},"end":{"line":83,"column":25}},"39":{"start":{"line":86,"column":4},"end":{"line":86,"column":23}},"40":{"start":{"line":93,"column":4},"end":{"line":125,"column":5}},"41":{"start":{"line":94,"column":6},"end":{"line":94,"column":17}},"42":{"start":{"line":95,"column":6},"end":{"line":95,"column":30}},"43":{"start":{"line":96,"column":6},"end":{"line":96,"column":22}},"44":{"start":{"line":98,"column":6},"end":{"line":119,"column":7}},"45":{"start":{"line":99,"column":8},"end":{"line":99,"column":30}},"46":{"start":{"line":100,"column":8},"end":{"line":100,"column":34}},"47":{"start":{"line":102,"column":8},"end":{"line":118,"column":9}},"48":{"start":{"line":109,"column":10},"end":{"line":109,"column":37}},"49":{"start":{"line":111,"column":10},"end":{"line":111,"column":43}},"50":{"start":{"line":113,"column":10},"end":{"line":113,"column":49}},"51":{"start":{"line":115,"column":10},"end":{"line":117,"column":11}},"52":{"start":{"line":116,"column":12},"end":{"line":116,"column":18}},"53":{"start":{"line":122,"column":6},"end":{"line":124,"column":7}},"54":{"start":{"line":123,"column":8},"end":{"line":123,"column":62},"skip":true},"55":{"start":{"line":127,"column":4},"end":{"line":127,"column":21}},"56":{"start":{"line":129,"column":4},"end":{"line":129,"column":18}},"57":{"start":{"line":140,"column":4},"end":{"line":163,"column":5}},"58":{"start":{"line":141,"column":6},"end":{"line":141,"column":25}},"59":{"start":{"line":142,"column":6},"end":{"line":142,"column":41}},"60":{"start":{"line":144,"column":6},"end":{"line":148,"column":7}},"61":{"start":{"line":145,"column":8},"end":{"line":145,"column":15}},"62":{"start":{"line":146,"column":8},"end":{"line":146,"column":26}},"63":{"start":{"line":147,"column":8},"end":{"line":147,"column":50}},"64":{"start":{"line":150,"column":6},"end":{"line":154,"column":7}},"65":{"start":{"line":151,"column":8},"end":{"line":151,"column":34}},"66":{"start":{"line":153,"column":8},"end":{"line":153,"column":45}},"67":{"start":{"line":156,"column":6},"end":{"line":162,"column":7}},"68":{"start":{"line":157,"column":8},"end":{"line":161,"column":9}},"69":{"start":{"line":158,"column":10},"end":{"line":158,"column":33}},"70":{"start":{"line":159,"column":15},"end":{"line":161,"column":9}},"71":{"start":{"line":160,"column":10},"end":{"line":160,"column":36}},"72":{"start":{"line":172,"column":4},"end":{"line":193,"column":5}},"73":{"start":{"line":173,"column":6},"end":{"line":173,"column":27}},"74":{"start":{"line":174,"column":6},"end":{"line":174,"column":25}},"75":{"start":{"line":182,"column":6},"end":{"line":192,"column":8}},"76":{"start":{"line":183,"column":8},"end":{"line":183,"column":28}},"77":{"start":{"line":185,"column":8},"end":{"line":189,"column":9}},"78":{"start":{"line":186,"column":10},"end":{"line":186,"column":51}},"79":{"start":{"line":188,"column":10},"end":{"line":188,"column":16}},"80":{"start":{"line":191,"column":8},"end":{"line":191,"column":27}},"81":{"start":{"line":203,"column":4},"end":{"line":209,"column":5}},"82":{"start":{"line":204,"column":6},"end":{"line":204,"column":45}},"83":{"start":{"line":206,"column":6},"end":{"line":206,"column":38}},"84":{"start":{"line":208,"column":6},"end":{"line":208,"column":17}},"85":{"start":{"line":225,"column":4},"end":{"line":228,"column":5}},"86":{"start":{"line":226,"column":6},"end":{"line":226,"column":25}},"87":{"start":{"line":227,"column":6},"end":{"line":227,"column":23}},"88":{"start":{"line":246,"column":4},"end":{"line":258,"column":5}},"89":{"start":{"line":248,"column":6},"end":{"line":257,"column":7}},"90":{"start":{"line":250,"column":8},"end":{"line":256,"column":10},"skip":true},"91":{"start":{"line":276,"column":4},"end":{"line":328,"column":5}},"92":{"start":{"line":277,"column":6},"end":{"line":277,"column":25}},"93":{"start":{"line":279,"column":6},"end":{"line":279,"column":20}},"94":{"start":{"line":293,"column":6},"end":{"line":327,"column":7}},"95":{"start":{"line":294,"column":8},"end":{"line":294,"column":33}},"96":{"start":{"line":295,"column":8},"end":{"line":295,"column":47}},"97":{"start":{"line":296,"column":8},"end":{"line":296,"column":26}},"98":{"start":{"line":297,"column":8},"end":{"line":297,"column":38}},"99":{"start":{"line":298,"column":8},"end":{"line":298,"column":28}},"100":{"start":{"line":300,"column":8},"end":{"line":300,"column":44}},"101":{"start":{"line":310,"column":8},"end":{"line":322,"column":9}},"102":{"start":{"line":311,"column":10},"end":{"line":311,"column":33}},"103":{"start":{"line":313,"column":10},"end":{"line":319,"column":11}},"104":{"start":{"line":314,"column":12},"end":{"line":316,"column":13}},"105":{"start":{"line":315,"column":14},"end":{"line":315,"column":50}},"106":{"start":{"line":318,"column":12},"end":{"line":318,"column":41}},"107":{"start":{"line":321,"column":10},"end":{"line":321,"column":43}},"108":{"start":{"line":324,"column":8},"end":{"line":324,"column":44}},"109":{"start":{"line":326,"column":8},"end":{"line":326,"column":20}},"110":{"start":{"line":343,"column":4},"end":{"line":366,"column":5}},"111":{"start":{"line":344,"column":6},"end":{"line":344,"column":55}},"112":{"start":{"line":345,"column":6},"end":{"line":345,"column":47
[...]
ent in the source"," * string."," *"," * This function takes the unescaped & unencoded value from"," * shortcut's child nodes and the identifier and encodes"," * the former according to the latter."," *"," * @example"," *   copyIdentifierEncoding('a*b', 'a\\\\*b*c')"," *   // 'a\\\\*b*c'"," *"," * @param {string} value - Unescaped and unencoded stringified"," *   link value."," * @param {string} identifier - Link identifier."," * @return {string} - Encoded link value."," */","function copy(value, identifier) {","  var length = value.length;","  var count = identifier.length;","  var result = [];","  var position = 0;","  var index = 0;","  var start;","","  while (index < length) {","    /* Take next non-punctuation characters from `value`. */","    start = index;","","    while (index < length && !PUNCTUATION.test(value.charAt(index))) {","      index += 1;","    }","","    result.push(value.slice(start, index));","","    /* Advance `position` to the next punctuation character. */","    while (position < count && !PUNCTUATION.test(identifier.charAt(position))) {","      position += 1;","    }","","    /* Take next punctuation characters from `identifier`. */","    start = position;","","    while (position < count && PUNCTUATION.test(identifier.charAt(position))) {","      if (identifier.charAt(position) === '&') {","        position += entityPrefixLength(identifier.slice(position));","      }","","      position += 1;","    }","","    result.push(identifier.slice(start, position));","","    /* Advance `index` to the next non-punctuation character. */","    while (index < length && PUNCTUATION.test(value.charAt(index))) {","      index += 1;","    }","  }","","  return result.join('');","}",""],"l":{"12":1,"15":1,"18":1,"39":1,"40":0,"41":0,"42":0,"43":0,"44":0,"45":0,"47":0,"49":0,"51":0,"52":0,"55":0,"58":0,"59":0,"63":0,"65":0,"66":0,"67":0,"70":0,"73":0,"76":0,"77":0,"81":0}},"/home/travis/build/npmtest/node-npmtest-remark/node_modules/remark-stringify/lib/util/label.js":{"path":"/home/travis/build/npmtest/node-npmtest-remark/node_modules/remark-stringify/lib/util/label.js","s":{"1":1,"2":1,"3":0,"4":0,"5":0},"b":{"1":[0,0],"2":[0,0]},"f":{"1":0},"fnMap":{"1":{"name":"label","line":27,"loc":{"start":{"line":27,"column":0},"end":{"line":27,"column":21}}}},"statementMap":{"1":{"start":{"line":12,"column":0},"end":{"line":12,"column":23}},"2":{"start":{"line":27,"column":0},"end":{"line":32,"column":1}},"3":{"start":{"line":28,"column":2},"end":{"line":28,"column":32}},"4":{"start":{"line":29,"column":2},"end":{"line":29,"column":53}},"5":{"start":{"line":31,"column":2},"end":{"line":31,"column":57}}},"branchMap":{"1":{"line":29,"type":"cond-expr","locations":[{"start":{"line":29,"column":32},"end":{"line":29,"column":47}},{"start":{"line":29,"column":50},"end":{"line":29,"column":52}}]},"2":{"line":31,"type":"cond-expr","locations":[{"start":{"line":31,"column":31},"end":{"line":31,"column":36}},{"start":{"line":31,"column":39},"end":{"line":31,"column":56}}]}},"code":["/**"," * @author Titus Wormer"," * @copyright 2015 Titus Wormer"," * @license MIT"," * @module remark:stringify:util:label"," * @fileoverview Stringify a reference label."," */","","'use strict';","","/* Expose. */","module.exports = label;","","/**"," * Stringify a reference label."," *"," * Because link references are easily, mistakingly,"," * created (for example, `[foo]`), reference nodes have"," * an extra property depicting how it looked in the"," * original document, so stringification can cause minimal"," * changes."," *"," * @param {Object} node - `linkReference` or"," *   `imageReference` node."," * @return {string} - Markdown label reference."," */","function label(node) {","  var type = node.referenceType;","  var value = type === 'full' ? node.identifier : '';","","  return type === 'shortcut' ? value : '[' + value + ']';","}",""],"l":{"12":1,"27":1,"28":0,"29":0,"31":0}},"/home/travis/build/npmtest/node-npmtest-remark/node_modules/remark-stringify/lib/visitors/image-reference.js":{"path":"/home/travis/build/npmtest/node-npmtest-remark/node_modules/remark-stringify/lib/visitors/image-reference.js","s":{"1":1,"2":1,"3":1,"4":0},"b":{"1":[0,0]},"f":{"1":0},"fnMap":{"1":{"name":"imageReference","line":23,"loc":{"start":{"line":23,"column":0},"end":{"line":23,"column":30}}}},"statementMap":{"1":{"start":{"line":12,"column":0},"end":{"line":12,"column":37}},"2":{"start":{"line":15,"column":0},"end":{"line":15,"column":32}},"3":{"start":{"line":23,"column":0},"end":{"line":25,"column":1}},"4":{"start":{"line":24,"column":2},"end":{"line":24,"column":72}}},"branchMap":{"1":{"line":24,"type":"binary-expr","locations":[{"start":{"line":24,"column":17},"end":{"line":24,"column":44}},{"start":{"line":24,"column":48},"end":{"line":24,"column":50}}]}},"code":["/**"," * @author Titus Wormer"," * @copyright 2015 Titus Wormer"," * @license MIT"," * @module remark:stringify:visitors:image-reference"," * @fileoverview Stringify an image reference."," */","","'use strict';","","/* Dependencies. */","var label = require('../util/label');","","/* Expose. */","module.exports = imageReference;","","/**"," * Stringify an image reference."," *"," * @param {Object} node - `imageReference` node."," * @return {string} - Markdown image reference."," */","function imageReference(node) {","  return '![' + (this.encode(node.alt, node) || '') + ']' + label(node);","}",""],"l":{"12":1,"15":1,"23":1,"24":0}},"/home/travis/build/npmtest/node-npmtest-remark/node_modules/remark-stringify/lib/visitors/definition.js":{"path":"/home/travis/build/npmtest/node-npmtest-remark/node_modules/remark-stringify/lib/visitors/definition.js","s":{"1":1,"2":1,"3":1,"4":1,"5":0,"6":0,"7":0,"8":0},"b":{"1":[0,0]},"f":{"1":0},"fnMap":{"1":{"name":"definition","line":29,"loc":{"start":{"line":29,"column":0},"end":{"line":29,"column":26}}}},"statementMap":{"1":{"start":{"line":12,"column":0},"end":{"line":12,"column":41}},"2":{"start":{"line":13,"column":0},"end":{"line":13,"column":45}},"3":{"start":{"line":16,"column":0},"end":{"line":16,"column":28}},"4":{"start":{"line":29,"column":0},"end":{"line":37,"column":1}},"5":{"start":{"line":30,"column":2},"end":{"line":30,"column":30}},"6":{"start":{"line":32,"column":2},"end":{"line":34,"column":3}},"7":{"start":{"line":33,"column":4},"end":{"line":33,"column":39}},"8":{"start":{"line":36,"column":2},"end":{"line":36,"column":49}}},"branchMap":{"1":{"line":32,"type":"if","locations":[{"start":{"line":32,"column":2},"end":{"line":32,"column":2}},{"start":{"line":32,"column":2},"end":{"line":32,"column":2}}]}},"code":["/**"," * @author Titus Wormer"," * @copyright 2015 Titus Wormer"," * @license MIT"," * @module remark:stringify:visitors:definition"," * @fileoverview Stringify a definition."," */","","'use strict';","","/* Dependencies. */","var uri = require('../util/enclose-uri');","var title = require('../util/enclose-title');","","/* Expose. */","module.exports = definition;","","/**"," * Stringify an URL definition."," *"," * Is smart about enclosing `url` (see `encloseURI()`) and"," * `title` (see `encloseTitle()`)."," *"," *    [foo]: <foo at bar dot com> 'An \"example\" e-mail'"," *"," * @param {Object} node - `definition` node."," * @return {string} - Markdown definition."," */","function definition(node) {","  var content = uri(node.url);","","  if (node.title) {","    content += ' ' + title(node.title);","  }","","  return '[' + node.identifier + ']: ' + content;","}",""],"l":{"12":1,"13":1,"16":1,"29":1,"30":0,"32":0,"33":0,"36":0}},"/home/travis/build/npmtest/node-npmtest-remark/node_modules/remark-stringify/lib/visitors/image.js":{"path":"/home/travis/build/npmtest/node-npmtest-remark/node_modules/remark-stringify/lib/visitors/image.js","s":{"1":1,"2":1,"3":1,"4":1,"5":0,"6":0,"7":0,"8":0,"9":0,"10":0,"11":0,"12":0},"b":{"1":[0,0],"2":[0,0],"3":[0,0]},"f":{"1":0},"fnMap":{"1":{"name":"image","line":32,"loc":{"start":{"line":32,"column":0},"end":{"line":32,"column":21}}}},"statementMap":{"1":{"start":{"line":12,"column":0},"end":{"line":12,"column":41}},"2":{"start":{"line":13,"column":0},"end":{"line":13,"column":45}},"3":{"start":{"line":16,"column":0},"end":{"line":16,"column":23}},"4":{"start":{"line":32,"column":0},"end":{"line":45,"column":1}},"5":{"start":{"line":33,"column":2},"end":{"line":33,"column":18}},"6":{"start":{"line":34,"column":2},"end":{"line":34,"column":55}},"7":{"start":{"line":35,"column":2},"end":{"line":35,"column":30}},"8":{"start":{"line":36,"column":2},"end":{"line":36,"column":59}},"9":{"start":{"line":38,"column":2},"end":{"line":38,"column":9}},"10":{"start":{"line":40,"column":2},"end":{"line":42,"column":3}},"11":{"start":{"line":41,"column":4},"end":{"line":41,"column":58}},"12":{"start":{"line":44,"column":2},"end":{"line":44,"column":43}}},"branchMap":{"1":{"line":34,"type":"binary-expr","locations":[{"start":{"line":34,"column":32},"end":{"line":34,"column":40}},{"start":{"line":34,"column":44},"end":{"line":34,"column":46}}]},"2":{"line":36,"type":"binary-expr","locations":[{"start":{"line":36,"column":36},"end":{"line":36,"column":44}},{"start":{"line":36,"column":48},"end":{"line":36,"column":50}}]},"3":{"line":40,"type":"if","locations":[{"start":{"line":40,"column":2},"end":{"line":40,"column":2}},{"start":{"line":40,"column":2},"end":{"line":40,"column":2}}]}},"code":["/**"," * @author Titus Wormer"," * @copyright 2015 Titus Wormer"," * @license MIT"," * @module remark:stringify:visitors:image"," * @fileoverview Stringify an image."," */","","'use strict';","","/* Dependencies. */","var uri = require('../util/enclose-uri');","var title = require('../util/enclose-title');","","/* Expose. */","module.exports = image;","","/**"," * Stringify an image."," *"," * Is smart about enclosing `url` (see `encloseURI()`) and"," * `title` (see `encloseTitle()`)."," *"," *    ![foo](</fav icon.png> 'My \"favourite\" icon')"," *"," * Supports named entities in `url`, `alt`, and `title`"," * when in `settings.encode` mode."," *"," * @param {Object} node - `image` node."," * @return {string} - Markdown image."," */","function image(node) {","  var self = this;","  var content = uri(self.encode(node.url || '', node));","  var exit = self.enterLink();","  var alt = self.encode(self.escape(node.alt || '', node));","","  exit();","","  if (node.title) {","    content += ' ' + title(self.encode(node.title, node));","  }","","  return '![' + alt + '](' + content + ')';","}",""],"l":{"12":1,"13":1,"16":1,"32":1,"33":0,"34":0,"35":0,"36":0,"38":0,"40":0,"41":0,"44":0}},"/home/travis/build/npmtest/node-npmtest-remark/node_modules/remark-stringify/lib/visitors/footnote.js":{"path":"/home/travis/build/npmtest/node-npmtest-remark/node_modules/remark-stringify/lib/visitors/footnote.js","s":{"1":1,"2":1,"3":0},"b":{},"f":{"1":0},"fnMap":{"1":{"name":"footnote","line":20,"loc":{"start":{"line":20,"column":0},"end":{"line":20,"column":24}}}},"statementMap":{"1":{"start":{"line":12,"column":0},"end":{"line":12,"column":26}},"2":{"start":{"line":20,"column":0},"end":{"line":22,"column":1}},"3":{"start":{"line":21,"column":2},"end":{"line":21,"column":46}}},"branchMap":{},"code":["/**"," * @author Titus Wormer"," * @copyright 2015 Titus Wormer"," * @license MIT"," * @module remark:stringify:visitors:footnote"," * @fileoverview Stringify a footnote."," */","","'use strict';","","/* Expose. */","module.exports = footnote;","","/**"," * Stringify a footnote."," *"," * @param {Object} node - `footnote` node."," * @return {string} - Markdown footnote."," */","function footnote(node) {","  return '[^' + this.all(node).join('') + ']';","}",""],"l":{"12":1,"20":1,"21":0}},"/home/travis/build/npmtest/node-npmtest-remark/node_modules/remark-stringify/lib/visitors/footnote-reference.js":{"path":"/home/travis/build/npmtest/node-npmtest-remark/node_modules/remark-stringify/lib/visitors/footnote-reference.js","s":{"1":1,"2":1,"3":0},"b":{},"f":{"1":0},"fnMap":{"1":{"name":"footnoteReference","line":20,"loc":{"start":{"line":20,"column":0},"end":{"line":20,"column":33}}}},"statementMap":{"1":{"start":{"line":12,"column":0},"end":{"line":12,"column":35}},"2":{"start":{"line":20,"column":0},"end":{"line":22,"column":1}},"3":{"start":{"line":21,"column":2},"end":{"line":21,"column":38}}},"branchMap":{},"code":["/**"," * @author Titus Wormer"," * @copyright 2015 Titus Wormer"," * @license MIT"," * @module remark:stringify:visitors:footnote-reference"," * @fileoverview Stringify a footnote reference."," */","","'use strict';","","/* Expose. */","module.exports = footnoteReference;","","/**"," * Stringify a footnote reference."," *"," * @param {Object} node - `footnoteReference` node."," * @return {string} - Markdown footnote reference."," */","function footnoteReference(node) {","  return '[^' + node.identifier + ']';","}",""],"l":{"12":1,"20":1,"21":0}},"/home/travis/build/npmtest/node-npmtest-remark/node_modules/remark-stringify/lib/visitors/footnote-definition.js":{"path":"/home/travis/build/npmtest/node-npmtest-remark/node_modules/remark-stringify/lib/visitors/footnote-definition.js","s":{"1":1,"2":1,"3":1,"4":0,"5":0,"6":0},"b":{},"f":{"1":0},"fnMap":{"1":{"name":"footnoteDefinition","line":23,"loc":{"start":{"line":23,"column":0},"end":{"line":23,"column":34}}}},"statementMap":{"1":{"start":{"line":12,"column":0},"end":{"line":12,"column":38}},"2":{"start":{"line":15,"column":0},"end":{"line":15,"column":36}},"3":{"start":{"line":23,"column":0},"end":{"line":28,"column":1}},"4":{"start":{"line":24,"column":2},"end":{"line":24,"column":41}},"5":{"start":{"line":25,"column":2},"end":{"line":25,"column":61}},"6":{"start":{"line":27,"column":2},"end":{"line":27,"column":37}}},"branchMap":{},"code":["/**"," * @author Titus Wormer"," * @copyright 2015 Titus Wormer"," * @license MIT"," * @module remark:stringify:visitors:footnote-definition"," * @fileoverview Stringify a footnote-definition."," */","","'use strict';","","/* Dependencies. */","var repeat = require('repeat-string');","","/* Expose. */","module.exports = footnoteDefinition;","","/**"," * Stringify a footnote definition."," *"," * @param {Object} node - `footnoteDefinition` node."," * @return {string} - Markdown footnote definition."," */","function footnoteDefinition(node) {","  var id = node.identifier.toLowerCase();","  var content = this.all(node).join('\\n\\n' + repeat(' ', 4));","","  return '[^' + id + ']: ' + content;","}",""],"l":{"12":1,"15":1,"23":1,"24":0,"25":0,"27":0}},"/home/travis/build/npmtest/node-npmtest-remark/node_modules/remark-stringify/lib/visitors/table.js":{"path":"/home/travis/build/npmtest/node-npmtest-remark/node_modules/remark-stringify/lib/visitors/table.js","s":{"1":1,"2":1,"3":1,"4":0,"5":0,"6":0,"7":0,"8":0,"9":0,"10":0,"11":0,"12":0,"13":0,"14":0,"15":0,"16":0,"17":0,"18":0,"19":0,"20":0,"21":0,"22":0,"23":0},"b":{"1":[0,0],"2":[0,0],"3":[0,0]},"f":{"1":0},"fnMap":{"1":{"name":"table","line":41,"loc":{"start":{"line":41,"column":0},"end":{"line":41,"column":21}}}},"statementMap":{"1":{"start":{"line":12,"column":0},"end":{"line":12,"column":46}},"2":{"start":{"line":15,"column":0},"end":{"line":15,"column":23}},"3":{"start":{"line":41,"column":0},"end":{"line":75,"column":1}},"4":{"start":{"line":42,"column":2},"end":{"line":42,"column":18}},"5":{"start":{"line":43,"column":2},"end":{"line":43,"column":38}},"6":{"start":{"line":44,"column":2},"end":{"line":44,"column":40}},"7":{"start":{"line":45,"column":2},"end":{"line":45,"column":37}},"8":{"start":{"line":46,"column":2},"end":{"line":46,"column":27}},"9":{"start":{"line":47,"column":2},"end":{"line":47,"column":26}},"10":{"start":{"line":48,"column":2},"end":{"line":48,"column":31}},"11":{"start":{"line":49,"column":2},"end":{"line":49,"column":18}},"12":{"start":{"line":50,"column":2},"end":{"line":50,"column":12}},"13":{"start":{"line":51,"column":2},"end":{"line":51,"column":10}},"14":{"start":{"line":53,"column":2},"end":{"line":55,"column":3}},"15":{"start":{"line":54,"column":4},"end":{"line":54,"column":42}},"16":{"start":{"line":57,"column":2},"end":{"line":57,"column":9}},"17":{"start":{"line":59,"column":2},"end":{"line":66,"column":3}},"18":{"start":{"line":60,"column":4},"end":{"line":60,"column":21}},"19":{"start":{"line":61,"column":9},"end":{"line":66,"column":3}},"20":{"start":{"line":62,"column":4},"end":{"line":62,"column":17}},"21":{"start":{"line":63,"column":4},"end":{"line":63,"column":15}},"22":{"start":{"line":65,"column":4},"end":{"line":65,"column":22}},"23":{"start":{"line":68,"column":2},"end":{"line":74,"column":5}}},"branchMap":{"1":{"line":59,"type":"if","locations":[{"start":{"line":59,"column":2},"end":{"line":59,"column":2}},{"start":{"line":59,"column":2},"end":{"line":59,"column":2}}]},"2":{"line":61,"type":"if","locations":[{"start":{"line":61,"column":9},"end":{"line":61,"column":9}},{"start":{"line":61,"column":9},"end":{"line":61,"column":9}}]},"3":{"line":73,"type":"cond-expr","locations":[{"start":{"line":73,"column":24},"end":{"line":73,"column":29}},{"start":{"line":73,"column":32},"end":{"line":73,"column":35}}]}},"code":["/**"," * @author Titus Wormer"," * @copyright 2015 Titus Wormer"," * @license MIT"," * @module remark:stringify:visitors:table"," * @fileoverview Stringify a table."," */","","'use strict';","","/* Dependencies. */","var markdownTable = require('markdown-table');","","/* Expose. */","module.exports = table;","","/**"," * Stringify table."," *"," * Creates a fenced table by default, but not in"," * `looseTable: true` mode:"," *"," *     Foo | Bar"," *     :-: | ---"," *     Baz | Qux"," *"," * NOTE: Be careful with `looseTable: true` mode, as a"," * loose table inside an indented code block on GitHub"," * renders as an actual table!"," *"," * Creates a spaced table by default, but not in"," * `spacedTable: false`:"," *"," *     |Foo|Bar|"," *     |:-:|---|"," *     |Baz|Qux|"," *"," * @param {Object} node - `table` node."," * @return {string} - Markdown table."," */","function table(node) {","  var self = this;","  var loose = self.options.looseTable;","  var spaced = self.options.spacedTable;","  var pad = self.options.paddedTable;","  var rows = node.children;","  var index = rows.length;","  var exit = self.enterTable();","  var result = [];","  var start;","  var end;","","  while (index--) {","    result[index] = self.all(rows[index]);","  }","","  exit();","","  if (loose) {","    start = end = '';","  } else if (spaced) {","    start = '| ';","    end = ' |';","  } else {","    start = end = '|';","  }","","  return markdownTable(result, {","    align: node.align,","    pad: pad,","    start: start,","    end: end,","    delimiter: spaced ? ' | ' : '|'","  });","}",""],"l":{"12":1,"15":1,"41":1,"42":0,"43":0,"44":0,"45":0,"46":0,"47":0,"48":0,"49":0,"50":0,"51":0,"53":0,"54":0,"57":0,"59":0,"60":0,"61":0,"62":0,"63":0,"65":0,"68":0}},"/home/travis/build/npmtest/node-npmtest-remark/node_modules/remark-stringify/lib/visitors/table-cell.js":{"path":"/home/travis/build/npmtest/node-npmtest-remark/node_modules/remark-stringify/lib/visitors/table-cell.js","s":{"1":1,"2":1,"3":0},"b":{},"f":{"1":0},"fnMap":{"1":{"name":"tableCell","line":20,"loc":{"start":{"line":20,"column":0},"end":{"line":20,"column":25}}}},"statementMap":{"1":{"start":{"line":12,"column":0},"end":{"line":12,"column":27}},"2":{"start":{"line":20,"column":0},"end":{"line":22,"column":1}},"3":{"start":{"line":21,"column":2},"end":{"line":21,"column":33}}},"branchMap":{},"code":["/**"," * @author Titus Wormer"," * @copyright 2015 Titus Wormer"," * @license MIT"," * @module remark:stringify:visitors:table-cell"," * @fileoverview Stringify a table-cell."," */","","'use strict';","","/* Expose. */","module.exports = tableCell;","","/**"," * Stringify a table cell."," *"," * @param {Object} node - `tableCell` node."," * @return {string} - Markdown table cell."," */","function tableCell(node) {","  return this.all(node).join('');","}",""],"l":{"12":1,"20":1,"21":0}}}